This file contains any messages produced by compilers while
running configure, to aid debugging if configure makes a mistake.

It was created by PCRE configure 8.33, which was
generated by GNU Autoconf 2.69.  Invocation command line was

  $ ./configure --disable-shared --host=arm

## --------- ##
## Platform. ##
## --------- ##

hostname = ubuntu
uname -m = i686
uname -r = 3.0.0-16-generic
uname -s = Linux
uname -v = #29-Ubuntu SMP Tue Feb 14 12:49:42 UTC 2012

/usr/bin/uname -p = unknown
/bin/uname -X     = unknown

/bin/arch              = unknown
/usr/bin/arch -k       = unknown
/usr/convex/getsysinfo = unknown
/usr/bin/hostinfo      = unknown
/bin/machine           = unknown
/usr/bin/oslevel       = unknown
/bin/universe          = unknown

PATH: /opt/Xilinx/14.6/ISE_DS/ISE/bin/lin
PATH: /opt/Xilinx/14.6/ISE_DS/ISE/sysgen/util
PATH: /opt/Xilinx/14.6/ISE_DS/ISE/sysgen/bin
PATH: /opt/Xilinx/14.6/ISE_DS/ISE/../../../DocNav
PATH: /opt/Xilinx/14.6/ISE_DS/PlanAhead/bin
PATH: /opt/Xilinx/14.6/ISE_DS/EDK/bin/lin
PATH: /opt/Xilinx/14.6/ISE_DS/EDK/gnu/microblaze/lin/bin
PATH: /opt/Xilinx/14.6/ISE_DS/EDK/gnu/powerpc-eabi/lin/bin
PATH: /opt/Xilinx/14.6/ISE_DS/EDK/gnu/arm/lin/bin
PATH: /opt/Xilinx/14.6/ISE_DS/EDK/gnu/microblaze/linux_toolchain/lin32_be/bin
PATH: /opt/Xilinx/14.6/ISE_DS/EDK/gnu/microblaze/linux_toolchain/lin32_le/bin
PATH: /opt/Xilinx/14.6/ISE_DS/common/bin/lin
PATH: /home/jme/CodeSourcery/Sourcery_CodeBench_Lite_for_ARM_EABI/bin
PATH: /usr/lib/lightdm/lightdm
PATH: /usr/local/sbin
PATH: /usr/local/bin
PATH: /usr/sbin
PATH: /usr/bin
PATH: /sbin
PATH: /bin
PATH: /usr/games


## ----------- ##
## Core tests. ##
## ----------- ##

configure:2805: checking for a BSD-compatible install
configure:2873: result: /usr/bin/install -c
configure:2884: checking whether build environment is sane
configure:2939: result: yes
configure:2998: checking for arm-strip
configure:3028: result: no
configure:3038: checking for strip
configure:3054: found /usr/bin/strip
configure:3065: result: strip
configure:3090: checking for a thread-safe mkdir -p
configure:3129: result: /bin/mkdir -p
configure:3136: checking for gawk
configure:3152: found /usr/bin/gawk
configure:3163: result: gawk
configure:3174: checking whether make sets $(MAKE)
configure:3196: result: yes
configure:3225: checking whether make supports nested variables
configure:3242: result: yes
configure:3337: checking whether make supports nested variables
configure:3354: result: yes
configure:3381: checking for style of include used by make
configure:3409: result: GNU
configure:3440: checking for arm-gcc
configure:3467: result: arm-xilinx-linux-gnueabi-gcc
configure:3736: checking for C compiler version
configure:3745: arm-xilinx-linux-gnueabi-gcc --version >&5
arm-xilinx-linux-gnueabi-gcc (Sourcery CodeBench Lite 2012.09-104) 4.7.2
Copyright (C) 2012 Free Software Foundation, Inc.
This is free software; see the source for copying conditions.  There is NO
warranty; not even for MERCHANTABILITY or FITNESS FOR A PARTICULAR PURPOSE.

configure:3756: $? = 0
configure:3745: arm-xilinx-linux-gnueabi-gcc -v >&5
Using built-in specs.
COLLECT_GCC=arm-xilinx-linux-gnueabi-gcc
COLLECT_LTO_WRAPPER=/opt/Xilinx/14.6/ISE_DS/EDK/gnu/arm/lin/bin/../libexec/gcc/arm-xilinx-linux-gnueabi/4.7.2/lto-wrapper
Target: arm-xilinx-linux-gnueabi
Configured with: /scratch/janisjo/build6/2012.09-xilinx-linux-release/src/gcc-4.7-2012.09/configure --build=i686-pc-linux-gnu --host=i686-pc-linux-gnu --target=arm-xilinx-linux-gnueabi --enable-threads --disable-libmudflap --disable-libssp --disable-libstdcxx-pch --with-arch=armv5te --with-arch=armv7-a --with-cpu=cortex-a9 --with-float=softfp --with-fpu=neon-fp16 --disable-multilib --with-gnu-as --with-gnu-ld --with-specs='%{save-temps: -fverbose-asm} %{funwind-tables|fno-unwind-tables|mabi=*|ffreestanding|nostdlib:;:-funwind-tables} -D__CS_SOURCERYGXX_MAJ__=2012 -D__CS_SOURCERYGXX_MIN__=9 -D__CS_SOURCERYGXX_REV__=104 %{O2:%{!fno-remove-local-statics: -fremove-local-statics}} %{O*:%{O|O0|O1|O2|Os:;:%{!fno-remove-local-statics: -fremove-local-statics}}}' --enable-languages=c,c++ --enable-shared --enable-lto --enable-symvers=gnu --enable-__cxa_atexit --with-pkgversion='Sourcery CodeBench Lite 2012.09-104' --with-bugurl=https://support.codesourcery.com/GNUToolchain/ --disable-nls --prefix=/opt/codesourcery --with-sysroot=/opt/codesourcery/arm-xilinx-linux-gnueabi/libc --with-build-sysroot=/scratch/janisjo/build6/2012.09-xilinx-linux-release/install/arm-xilinx-linux-gnueabi/libc --with-gmp=/scratch/janisjo/build6/2012.09-xilinx-linux-release/obj/pkg-2012.09-104-arm-xilinx-linux-gnueabi/xilinx-2012.09-104-arm-xilinx-linux-gnueabi.extras/host-libs-i686-pc-linux-gnu/usr --with-mpfr=/scratch/janisjo/build6/2012.09-xilinx-linux-release/obj/pkg-2012.09-104-arm-xilinx-linux-gnueabi/xilinx-2012.09-104-arm-xilinx-linux-gnueabi.extras/host-libs-i686-pc-linux-gnu/usr --with-mpc=/scratch/janisjo/build6/2012.09-xilinx-linux-release/obj/pkg-2012.09-104-arm-xilinx-linux-gnueabi/xilinx-2012.09-104-arm-xilinx-linux-gnueabi.extras/host-libs-i686-pc-linux-gnu/usr --with-ppl=/scratch/janisjo/build6/2012.09-xilinx-linux-release/obj/pkg-2012.09-104-arm-xilinx-linux-gnueabi/xilinx-2012.09-104-arm-xilinx-linux-gnueabi.extras/host-libs-i686-pc-linux-gnu/usr --with-host-libstdcxx='-static-libgcc -Wl,-Bstatic,-lstdc++,-Bdynamic -lm' --with-cloog=/scratch/janisjo/build6/2012.09-xilinx-linux-release/obj/pkg-2012.09-104-arm-xilinx-linux-gnueabi/xilinx-2012.09-104-arm-xilinx-linux-gnueabi.extras/host-libs-i686-pc-linux-gnu/usr --with-libelf=/scratch/janisjo/build6/2012.09-xilinx-linux-release/obj/pkg-2012.09-104-arm-xilinx-linux-gnueabi/xilinx-2012.09-104-arm-xilinx-linux-gnueabi.extras/host-libs-i686-pc-linux-gnu/usr --disable-libgomp --disable-libitm --enable-poison-system-directories --with-build-time-tools=/scratch/janisjo/build6/2012.09-xilinx-linux-release/install/arm-xilinx-linux-gnueabi/bin --with-build-time-tools=/scratch/janisjo/build6/2012.09-xilinx-linux-release/install/arm-xilinx-linux-gnueabi/bin
Thread model: posix
gcc version 4.7.2 (Sourcery CodeBench Lite 2012.09-104) 
configure:3756: $? = 0
configure:3745: arm-xilinx-linux-gnueabi-gcc -V >&5
arm-xilinx-linux-gnueabi-gcc: error: unrecognized command line option '-V'
arm-xilinx-linux-gnueabi-gcc: fatal error: no input files
compilation terminated.
configure:3756: $? = 1
configure:3745: arm-xilinx-linux-gnueabi-gcc -qversion >&5
arm-xilinx-linux-gnueabi-gcc: error: unrecognized command line option '-qversion'
arm-xilinx-linux-gnueabi-gcc: fatal error: no input files
compilation terminated.
configure:3756: $? = 1
configure:3776: checking whether the C compiler works
configure:3798: arm-xilinx-linux-gnueabi-gcc -O2 -fomit-frame-pointer -pipe    conftest.c  >&5
configure:3802: $? = 0
configure:3850: result: yes
configure:3853: checking for C compiler default output file name
configure:3855: result: a.out
configure:3861: checking for suffix of executables
configure:3868: arm-xilinx-linux-gnueabi-gcc -o conftest -O2 -fomit-frame-pointer -pipe    conftest.c  >&5
configure:3872: $? = 0
configure:3894: result: 
configure:3916: checking whether we are cross compiling
configure:3924: arm-xilinx-linux-gnueabi-gcc -o conftest -O2 -fomit-frame-pointer -pipe    conftest.c  >&5
configure:3928: $? = 0
configure:3935: ./conftest
./configure: line 3937: ./conftest: cannot execute binary file
configure:3939: $? = 126
configure:3954: result: yes
configure:3959: checking for suffix of object files
configure:3981: arm-xilinx-linux-gnueabi-gcc -c -O2 -fomit-frame-pointer -pipe   conftest.c >&5
configure:3985: $? = 0
configure:4006: result: o
configure:4010: checking whether we are using the GNU C compiler
configure:4029: arm-xilinx-linux-gnueabi-gcc -c -O2 -fomit-frame-pointer -pipe   conftest.c >&5
configure:4029: $? = 0
configure:4038: result: yes
configure:4047: checking whether arm-xilinx-linux-gnueabi-gcc accepts -g
configure:4067: arm-xilinx-linux-gnueabi-gcc -c -g  conftest.c >&5
configure:4067: $? = 0
configure:4108: result: yes
configure:4125: checking for arm-xilinx-linux-gnueabi-gcc option to accept ISO C89
configure:4188: arm-xilinx-linux-gnueabi-gcc  -c -O2 -fomit-frame-pointer -pipe   conftest.c >&5
configure:4188: $? = 0
configure:4201: result: none needed
configure:4223: checking dependency style of arm-xilinx-linux-gnueabi-gcc
configure:4334: result: gcc3
configure:4355: checking for arm-ar
configure:4385: result: no
configure:4355: checking for arm-lib
configure:4385: result: no
configure:4355: checking for arm-link
configure:4385: result: no
configure:4399: checking for ar
configure:4415: found /usr/bin/ar
configure:4426: result: ar
configure:4442: WARNING: using cross tools not prefixed with host triplet
configure:4452: checking the archiver (ar) interface
configure:4462: arm-xilinx-linux-gnueabi-gcc -c -O2 -fomit-frame-pointer -pipe   conftest.c >&5
configure:4462: $? = 0
configure:4464: ar cru libconftest.a conftest.o >&5
configure:4467: $? = 0
configure:4490: result: ar
configure:4535: checking for arm-gcc
configure:4562: result: arm-xilinx-linux-gnueabi-gcc
configure:4831: checking for C compiler version
configure:4840: arm-xilinx-linux-gnueabi-gcc --version >&5
arm-xilinx-linux-gnueabi-gcc (Sourcery CodeBench Lite 2012.09-104) 4.7.2
Copyright (C) 2012 Free Software Foundation, Inc.
This is free software; see the source for copying conditions.  There is NO
warranty; not even for MERCHANTABILITY or FITNESS FOR A PARTICULAR PURPOSE.

configure:4851: $? = 0
configure:4840: arm-xilinx-linux-gnueabi-gcc -v >&5
Using built-in specs.
COLLECT_GCC=arm-xilinx-linux-gnueabi-gcc
COLLECT_LTO_WRAPPER=/opt/Xilinx/14.6/ISE_DS/EDK/gnu/arm/lin/bin/../libexec/gcc/arm-xilinx-linux-gnueabi/4.7.2/lto-wrapper
Target: arm-xilinx-linux-gnueabi
Configured with: /scratch/janisjo/build6/2012.09-xilinx-linux-release/src/gcc-4.7-2012.09/configure --build=i686-pc-linux-gnu --host=i686-pc-linux-gnu --target=arm-xilinx-linux-gnueabi --enable-threads --disable-libmudflap --disable-libssp --disable-libstdcxx-pch --with-arch=armv5te --with-arch=armv7-a --with-cpu=cortex-a9 --with-float=softfp --with-fpu=neon-fp16 --disable-multilib --with-gnu-as --with-gnu-ld --with-specs='%{save-temps: -fverbose-asm} %{funwind-tables|fno-unwind-tables|mabi=*|ffreestanding|nostdlib:;:-funwind-tables} -D__CS_SOURCERYGXX_MAJ__=2012 -D__CS_SOURCERYGXX_MIN__=9 -D__CS_SOURCERYGXX_REV__=104 %{O2:%{!fno-remove-local-statics: -fremove-local-statics}} %{O*:%{O|O0|O1|O2|Os:;:%{!fno-remove-local-statics: -fremove-local-statics}}}' --enable-languages=c,c++ --enable-shared --enable-lto --enable-symvers=gnu --enable-__cxa_atexit --with-pkgversion='Sourcery CodeBench Lite 2012.09-104' --with-bugurl=https://support.codesourcery.com/GNUToolchain/ --disable-nls --prefix=/opt/codesourcery --with-sysroot=/opt/codesourcery/arm-xilinx-linux-gnueabi/libc --with-build-sysroot=/scratch/janisjo/build6/2012.09-xilinx-linux-release/install/arm-xilinx-linux-gnueabi/libc --with-gmp=/scratch/janisjo/build6/2012.09-xilinx-linux-release/obj/pkg-2012.09-104-arm-xilinx-linux-gnueabi/xilinx-2012.09-104-arm-xilinx-linux-gnueabi.extras/host-libs-i686-pc-linux-gnu/usr --with-mpfr=/scratch/janisjo/build6/2012.09-xilinx-linux-release/obj/pkg-2012.09-104-arm-xilinx-linux-gnueabi/xilinx-2012.09-104-arm-xilinx-linux-gnueabi.extras/host-libs-i686-pc-linux-gnu/usr --with-mpc=/scratch/janisjo/build6/2012.09-xilinx-linux-release/obj/pkg-2012.09-104-arm-xilinx-linux-gnueabi/xilinx-2012.09-104-arm-xilinx-linux-gnueabi.extras/host-libs-i686-pc-linux-gnu/usr --with-ppl=/scratch/janisjo/build6/2012.09-xilinx-linux-release/obj/pkg-2012.09-104-arm-xilinx-linux-gnueabi/xilinx-2012.09-104-arm-xilinx-linux-gnueabi.extras/host-libs-i686-pc-linux-gnu/usr --with-host-libstdcxx='-static-libgcc -Wl,-Bstatic,-lstdc++,-Bdynamic -lm' --with-cloog=/scratch/janisjo/build6/2012.09-xilinx-linux-release/obj/pkg-2012.09-104-arm-xilinx-linux-gnueabi/xilinx-2012.09-104-arm-xilinx-linux-gnueabi.extras/host-libs-i686-pc-linux-gnu/usr --with-libelf=/scratch/janisjo/build6/2012.09-xilinx-linux-release/obj/pkg-2012.09-104-arm-xilinx-linux-gnueabi/xilinx-2012.09-104-arm-xilinx-linux-gnueabi.extras/host-libs-i686-pc-linux-gnu/usr --disable-libgomp --disable-libitm --enable-poison-system-directories --with-build-time-tools=/scratch/janisjo/build6/2012.09-xilinx-linux-release/install/arm-xilinx-linux-gnueabi/bin --with-build-time-tools=/scratch/janisjo/build6/2012.09-xilinx-linux-release/install/arm-xilinx-linux-gnueabi/bin
Thread model: posix
gcc version 4.7.2 (Sourcery CodeBench Lite 2012.09-104) 
configure:4851: $? = 0
configure:4840: arm-xilinx-linux-gnueabi-gcc -V >&5
arm-xilinx-linux-gnueabi-gcc: error: unrecognized command line option '-V'
arm-xilinx-linux-gnueabi-gcc: fatal error: no input files
compilation terminated.
configure:4851: $? = 1
configure:4840: arm-xilinx-linux-gnueabi-gcc -qversion >&5
arm-xilinx-linux-gnueabi-gcc: error: unrecognized command line option '-qversion'
arm-xilinx-linux-gnueabi-gcc: fatal error: no input files
compilation terminated.
configure:4851: $? = 1
configure:4855: checking whether we are using the GNU C compiler
configure:4883: result: yes
configure:4892: checking whether arm-xilinx-linux-gnueabi-gcc accepts -g
configure:4953: result: yes
configure:4970: checking for arm-xilinx-linux-gnueabi-gcc option to accept ISO C89
configure:5046: result: none needed
configure:5068: checking dependency style of arm-xilinx-linux-gnueabi-gcc
configure:5179: result: gcc3
configure:5208: checking for arm-g++
configure:5238: result: no
configure:5208: checking for arm-c++
configure:5238: result: no
configure:5208: checking for arm-gpp
configure:5238: result: no
configure:5208: checking for arm-aCC
configure:5238: result: no
configure:5208: checking for arm-CC
configure:5238: result: no
configure:5208: checking for arm-cxx
configure:5238: result: no
configure:5208: checking for arm-cc++
configure:5238: result: no
configure:5208: checking for arm-cl.exe
configure:5238: result: no
configure:5208: checking for arm-FCC
configure:5238: result: no
configure:5208: checking for arm-KCC
configure:5238: result: no
configure:5208: checking for arm-RCC
configure:5238: result: no
configure:5208: checking for arm-xlC_r
configure:5238: result: no
configure:5208: checking for arm-xlC
configure:5238: result: no
configure:5252: checking for g++
configure:5268: found /usr/bin/g++
configure:5279: result: g++
configure:5306: checking for C++ compiler version
configure:5315: g++ --version >&5
g++ (Ubuntu/Linaro 4.6.1-9ubuntu3) 4.6.1
Copyright (C) 2011 Free Software Foundation, Inc.
This is free software; see the source for copying conditions.  There is NO
warranty; not even for MERCHANTABILITY or FITNESS FOR A PARTICULAR PURPOSE.

configure:5326: $? = 0
configure:5315: g++ -v >&5
Using built-in specs.
COLLECT_GCC=g++
COLLECT_LTO_WRAPPER=/usr/lib/gcc/i686-linux-gnu/4.6.1/lto-wrapper
Target: i686-linux-gnu
Configured with: ../src/configure -v --with-pkgversion='Ubuntu/Linaro 4.6.1-9ubuntu3' --with-bugurl=file:///usr/share/doc/gcc-4.6/README.Bugs --enable-languages=c,c++,fortran,objc,obj-c++,go --prefix=/usr --program-suffix=-4.6 --enable-shared --enable-linker-build-id --with-system-zlib --libexecdir=/usr/lib --without-included-gettext --enable-threads=posix --with-gxx-include-dir=/usr/include/c++/4.6 --libdir=/usr/lib --enable-nls --with-sysroot=/ --enable-clocale=gnu --enable-libstdcxx-debug --enable-libstdcxx-time=yes --enable-plugin --enable-objc-gc --enable-targets=all --disable-werror --with-arch-32=i686 --with-tune=generic --enable-checking=release --build=i686-linux-gnu --host=i686-linux-gnu --target=i686-linux-gnu
Thread model: posix
gcc version 4.6.1 (Ubuntu/Linaro 4.6.1-9ubuntu3) 
configure:5326: $? = 0
configure:5315: g++ -V >&5
g++: error: unrecognized option '-V'
g++: fatal error: no input files
compilation terminated.
configure:5326: $? = 4
configure:5315: g++ -qversion >&5
g++: error: unrecognized option '-qversion'
g++: fatal error: no input files
compilation terminated.
configure:5326: $? = 4
configure:5330: checking whether we are using the GNU C++ compiler
configure:5349: g++ -c   conftest.cpp >&5
configure:5349: $? = 0
configure:5358: result: yes
configure:5367: checking whether g++ accepts -g
configure:5387: g++ -c -g  conftest.cpp >&5
configure:5387: $? = 0
configure:5428: result: yes
configure:5453: checking dependency style of g++
configure:5564: result: gcc3
configure:5580: checking whether arm-xilinx-linux-gnueabi-gcc and cc understand -c and -o together
configure:5611: arm-xilinx-linux-gnueabi-gcc -c conftest.c -o conftest2.o >&5
configure:5615: $? = 0
configure:5621: arm-xilinx-linux-gnueabi-gcc -c conftest.c -o conftest2.o >&5
configure:5625: $? = 0
configure:5636: cc -c conftest.c >&5
configure:5640: $? = 0
configure:5648: cc -c conftest.c -o conftest2.o >&5
configure:5652: $? = 0
configure:5658: cc -c conftest.c -o conftest2.o >&5
configure:5662: $? = 0
configure:5680: result: yes
configure:5748: g++ -c -O2  conftest.cpp >&5
configure:5748: $? = 0
configure:5767: checking how to run the C preprocessor
configure:5798: arm-xilinx-linux-gnueabi-gcc -E  conftest.c
configure:5798: $? = 0
configure:5812: arm-xilinx-linux-gnueabi-gcc -E  conftest.c
conftest.c:11:28: fatal error: ac_nonexistent.h: No such file or directory
compilation terminated.
configure:5812: $? = 1
configure: failed program was:
| /* confdefs.h */
| #define PACKAGE_NAME "PCRE"
| #define PACKAGE_TARNAME "pcre"
| #define PACKAGE_VERSION "8.33"
| #define PACKAGE_STRING "PCRE 8.33"
| #define PACKAGE_BUGREPORT ""
| #define PACKAGE_URL ""
| #define PACKAGE "pcre"
| #define VERSION "8.33"
| /* end confdefs.h.  */
| #include <ac_nonexistent.h>
configure:5837: result: arm-xilinx-linux-gnueabi-gcc -E
configure:5857: arm-xilinx-linux-gnueabi-gcc -E  conftest.c
configure:5857: $? = 0
configure:5871: arm-xilinx-linux-gnueabi-gcc -E  conftest.c
conftest.c:11:28: fatal error: ac_nonexistent.h: No such file or directory
compilation terminated.
configure:5871: $? = 1
configure: failed program was:
| /* confdefs.h */
| #define PACKAGE_NAME "PCRE"
| #define PACKAGE_TARNAME "pcre"
| #define PACKAGE_VERSION "8.33"
| #define PACKAGE_STRING "PCRE 8.33"
| #define PACKAGE_BUGREPORT ""
| #define PACKAGE_URL ""
| #define PACKAGE "pcre"
| #define VERSION "8.33"
| /* end confdefs.h.  */
| #include <ac_nonexistent.h>
configure:5900: checking for grep that handles long lines and -e
configure:5958: result: /bin/grep
configure:5963: checking for egrep
configure:6025: result: /bin/grep -E
configure:6030: checking for ANSI C header files
configure:6050: arm-xilinx-linux-gnueabi-gcc -c -O2 -fomit-frame-pointer -pipe   conftest.c >&5
configure:6050: $? = 0
configure:6134: result: yes
configure:6147: checking for sys/types.h
configure:6147: arm-xilinx-linux-gnueabi-gcc -c -O2 -fomit-frame-pointer -pipe   conftest.c >&5
configure:6147: $? = 0
configure:6147: result: yes
configure:6147: checking for sys/stat.h
configure:6147: arm-xilinx-linux-gnueabi-gcc -c -O2 -fomit-frame-pointer -pipe   conftest.c >&5
configure:6147: $? = 0
configure:6147: result: yes
configure:6147: checking for stdlib.h
configure:6147: arm-xilinx-linux-gnueabi-gcc -c -O2 -fomit-frame-pointer -pipe   conftest.c >&5
configure:6147: $? = 0
configure:6147: result: yes
configure:6147: checking for string.h
configure:6147: arm-xilinx-linux-gnueabi-gcc -c -O2 -fomit-frame-pointer -pipe   conftest.c >&5
configure:6147: $? = 0
configure:6147: result: yes
configure:6147: checking for memory.h
configure:6147: arm-xilinx-linux-gnueabi-gcc -c -O2 -fomit-frame-pointer -pipe   conftest.c >&5
configure:6147: $? = 0
configure:6147: result: yes
configure:6147: checking for strings.h
configure:6147: arm-xilinx-linux-gnueabi-gcc -c -O2 -fomit-frame-pointer -pipe   conftest.c >&5
configure:6147: $? = 0
configure:6147: result: yes
configure:6147: checking for inttypes.h
configure:6147: arm-xilinx-linux-gnueabi-gcc -c -O2 -fomit-frame-pointer -pipe   conftest.c >&5
configure:6147: $? = 0
configure:6147: result: yes
configure:6147: checking for stdint.h
configure:6147: arm-xilinx-linux-gnueabi-gcc -c -O2 -fomit-frame-pointer -pipe   conftest.c >&5
configure:6147: $? = 0
configure:6147: result: yes
configure:6147: checking for unistd.h
configure:6147: arm-xilinx-linux-gnueabi-gcc -c -O2 -fomit-frame-pointer -pipe   conftest.c >&5
configure:6147: $? = 0
configure:6147: result: yes
configure:6159: checking for int64_t
configure:6159: arm-xilinx-linux-gnueabi-gcc -c -O2 -fomit-frame-pointer -pipe   conftest.c >&5
configure:6159: $? = 0
configure:6159: arm-xilinx-linux-gnueabi-gcc -c -O2 -fomit-frame-pointer -pipe   conftest.c >&5
conftest.c: In function 'main':
conftest.c:59:53: warning: integer overflow in expression [-Woverflow]
conftest.c:58:12: error: size of array 'test_array' is negative
conftest.c:58:12: error: storage size of 'test_array' isn't constant
configure:6159: $? = 1
configure: failed program was:
| /* confdefs.h */
| #define PACKAGE_NAME "PCRE"
| #define PACKAGE_TARNAME "pcre"
| #define PACKAGE_VERSION "8.33"
| #define PACKAGE_STRING "PCRE 8.33"
| #define PACKAGE_BUGREPORT ""
| #define PACKAGE_URL ""
| #define PACKAGE "pcre"
| #define VERSION "8.33"
| #define STDC_HEADERS 1
| #define HAVE_SYS_TYPES_H 1
| #define HAVE_SYS_STAT_H 1
| #define HAVE_STDLIB_H 1
| #define HAVE_STRING_H 1
| #define HAVE_MEMORY_H 1
| #define HAVE_STRINGS_H 1
| #define HAVE_INTTYPES_H 1
| #define HAVE_STDINT_H 1
| #define HAVE_UNISTD_H 1
| /* end confdefs.h.  */
| #include <stdio.h>
| #ifdef HAVE_SYS_TYPES_H
| # include <sys/types.h>
| #endif
| #ifdef HAVE_SYS_STAT_H
| # include <sys/stat.h>
| #endif
| #ifdef STDC_HEADERS
| # include <stdlib.h>
| # include <stddef.h>
| #else
| # ifdef HAVE_STDLIB_H
| #  include <stdlib.h>
| # endif
| #endif
| #ifdef HAVE_STRING_H
| # if !defined STDC_HEADERS && defined HAVE_MEMORY_H
| #  include <memory.h>
| # endif
| # include <string.h>
| #endif
| #ifdef HAVE_STRINGS_H
| # include <strings.h>
| #endif
| #ifdef HAVE_INTTYPES_H
| # include <inttypes.h>
| #endif
| #ifdef HAVE_STDINT_H
| # include <stdint.h>
| #endif
| #ifdef HAVE_UNISTD_H
| # include <unistd.h>
| #endif
| 	        enum { N = 64 / 2 - 1 };
| int
| main ()
| {
| static int test_array [1 - 2 * !((int64_t) (((((int64_t) 1 << N) << N) - 1) * 2 + 1)
| 		 < (int64_t) (((((int64_t) 1 << N) << N) - 1) * 2 + 2))];
| test_array [0] = 0;
| return test_array [0];
| 
|   ;
|   return 0;
| }
configure:6159: result: yes
configure:6176: checking build system type
configure:6190: result: i686-pc-linux-gnu
configure:6210: checking host system type
configure:6223: result: arm-unknown-none
configure:6592: checking how to print strings
configure:6619: result: printf
configure:6640: checking for a sed that does not truncate output
configure:6704: result: /bin/sed
configure:6722: checking for fgrep
configure:6784: result: /bin/grep -F
configure:6819: checking for ld used by arm-xilinx-linux-gnueabi-gcc
configure:6886: result: /opt/Xilinx/14.6/ISE_DS/EDK/gnu/arm/lin/arm-xilinx-linux-gnueabi/bin/ld
configure:6893: checking if the linker (/opt/Xilinx/14.6/ISE_DS/EDK/gnu/arm/lin/arm-xilinx-linux-gnueabi/bin/ld) is GNU ld
configure:6908: result: yes
configure:6920: checking for BSD- or MS-compatible name lister (nm)
configure:6969: result: no
configure:6983: checking for arm-dumpbin
configure:7013: result: no
configure:6983: checking for arm-link
configure:7013: result: no
configure:7027: checking for dumpbin
configure:7057: result: no
configure:7027: checking for link
configure:7043: found /usr/bin/link
configure:7054: result: link -dump
configure:7099: checking the name lister (nm) interface
configure:7106: arm-xilinx-linux-gnueabi-gcc -c -O2 -fomit-frame-pointer -pipe   conftest.c >&5
configure:7109: nm "conftest.o"
configure:7112: output
00000000 b $d
00000000 B some_variable
configure:7119: result: BSD nm
configure:7122: checking whether ln -s works
configure:7126: result: yes
configure:7134: checking the maximum length of command line arguments
configure:7264: result: 805306365
configure:7281: checking whether the shell understands some XSI constructs
configure:7291: result: yes
configure:7295: checking whether the shell understands "+="
configure:7301: result: yes
configure:7336: checking how to convert i686-pc-linux-gnu file names to arm-unknown-none format
configure:7376: result: func_convert_file_noop
configure:7383: checking how to convert i686-pc-linux-gnu file names to toolchain format
configure:7403: result: func_convert_file_noop
configure:7410: checking for /opt/Xilinx/14.6/ISE_DS/EDK/gnu/arm/lin/arm-xilinx-linux-gnueabi/bin/ld option to reload object files
configure:7417: result: -r
configure:7451: checking for arm-objdump
configure:7478: result: objdump
configure:7547: checking how to recognize dependent libraries
configure:7749: result: unknown
configure:7794: checking for arm-dlltool
configure:7821: result: dlltool
configure:7891: checking how to associate runtime and link libraries
configure:7918: result: printf %s\n
configure:7934: checking for arm-ar
configure:7961: result: ar
configure:8042: checking for archiver @FILE support
configure:8059: arm-xilinx-linux-gnueabi-gcc -c -O2 -fomit-frame-pointer -pipe   conftest.c >&5
configure:8059: $? = 0
configure:8062: ar cru libconftest.a @conftest.lst >&5
configure:8065: $? = 0
configure:8070: ar cru libconftest.a @conftest.lst >&5
ar: conftest.o: No such file or directory
configure:8073: $? = 1
configure:8085: result: @
configure:8103: checking for arm-strip
configure:8130: result: strip
configure:8202: checking for arm-ranlib
configure:8232: result: no
configure:8242: checking for ranlib
configure:8258: found /usr/bin/ranlib
configure:8269: result: ranlib
configure:8371: checking command to parse nm output from arm-xilinx-linux-gnueabi-gcc object
configure:8491: arm-xilinx-linux-gnueabi-gcc -c -O2 -fomit-frame-pointer -pipe   conftest.c >&5
configure:8494: $? = 0
configure:8498: nm conftest.o \| sed -n -e 's/^.*[ ]\([ABCDGIRSTW][ABCDGIRSTW]*\)[ ][ ]*\([_A-Za-z][_A-Za-z0-9]*\)$/\1 \2 \2/p' | sed '/ __gnu_lto/d' \> conftest.nm
configure:8501: $? = 0
configure:8567: arm-xilinx-linux-gnueabi-gcc -o conftest -O2 -fomit-frame-pointer -pipe    conftest.c conftstm.o >&5
configure:8570: $? = 0
configure:8608: result: ok
configure:8645: checking for sysroot
configure:8675: result: no
configure:8891: checking for arm-mt
configure:8921: result: no
configure:8931: checking for mt
configure:8947: found /bin/mt
configure:8958: result: mt
configure:8981: checking if mt is a manifest tool
configure:8987: mt '-?'
configure:8995: result: no
configure:9634: checking for dlfcn.h
configure:9634: arm-xilinx-linux-gnueabi-gcc -c -O2 -fomit-frame-pointer -pipe   conftest.c >&5
configure:9634: $? = 0
configure:9634: result: yes
configure:9848: checking for objdir
configure:9863: result: .libs
configure:10134: checking if arm-xilinx-linux-gnueabi-gcc supports -fno-rtti -fno-exceptions
configure:10152: arm-xilinx-linux-gnueabi-gcc -c -O2 -fomit-frame-pointer -pipe   -fno-rtti -fno-exceptions conftest.c >&5
cc1: warning: command line option '-fno-rtti' is valid for C++/ObjC++ but not for C [enabled by default]
configure:10156: $? = 0
configure:10169: result: no
configure:10496: checking for arm-xilinx-linux-gnueabi-gcc option to produce PIC
configure:10503: result: -fPIC -DPIC
configure:10511: checking if arm-xilinx-linux-gnueabi-gcc PIC flag -fPIC -DPIC works
configure:10529: arm-xilinx-linux-gnueabi-gcc -c -O2 -fomit-frame-pointer -pipe   -fPIC -DPIC -DPIC conftest.c >&5
configure:10533: $? = 0
configure:10546: result: yes
configure:10575: checking if arm-xilinx-linux-gnueabi-gcc static flag -static works
configure:10603: result: yes
configure:10618: checking if arm-xilinx-linux-gnueabi-gcc supports -c -o file.o
configure:10639: arm-xilinx-linux-gnueabi-gcc -c -O2 -fomit-frame-pointer -pipe   -o out/conftest2.o conftest.c >&5
configure:10643: $? = 0
configure:10665: result: yes
configure:10673: checking if arm-xilinx-linux-gnueabi-gcc supports -c -o file.o
configure:10720: result: yes
configure:10753: checking whether the arm-xilinx-linux-gnueabi-gcc linker (/opt/Xilinx/14.6/ISE_DS/EDK/gnu/arm/lin/arm-xilinx-linux-gnueabi/bin/ld) supports shared libraries
configure:11906: result: yes
configure:12146: checking dynamic linker characteristics
configure:12879: result: no
configure:12986: checking how to hardcode library paths into programs
configure:13011: result: immediate
configure:13551: checking whether stripping libraries is possible
configure:13556: result: yes
configure:13591: checking if libtool supports shared libraries
configure:13593: result: no
configure:13596: checking whether to build shared libraries
configure:13617: result: no
configure:13620: checking whether to build static libraries
configure:13624: result: yes
configure:13647: checking how to run the C++ preprocessor
configure:13674: g++ -E  conftest.cpp
configure:13674: $? = 0
configure:13688: g++ -E  conftest.cpp
conftest.cpp:23:28: fatal error: ac_nonexistent.h: No such file or directory
compilation terminated.
configure:13688: $? = 1
configure: failed program was:
| /* confdefs.h */
| #define PACKAGE_NAME "PCRE"
| #define PACKAGE_TARNAME "pcre"
| #define PACKAGE_VERSION "8.33"
| #define PACKAGE_STRING "PCRE 8.33"
| #define PACKAGE_BUGREPORT ""
| #define PACKAGE_URL ""
| #define PACKAGE "pcre"
| #define VERSION "8.33"
| #define STDC_HEADERS 1
| #define HAVE_SYS_TYPES_H 1
| #define HAVE_SYS_STAT_H 1
| #define HAVE_STDLIB_H 1
| #define HAVE_STRING_H 1
| #define HAVE_MEMORY_H 1
| #define HAVE_STRINGS_H 1
| #define HAVE_INTTYPES_H 1
| #define HAVE_STDINT_H 1
| #define HAVE_UNISTD_H 1
| #define HAVE_DLFCN_H 1
| #define LT_OBJDIR ".libs/"
| /* end confdefs.h.  */
| #include <ac_nonexistent.h>
configure:13713: result: g++ -E
configure:13733: g++ -E  conftest.cpp
configure:13733: $? = 0
configure:13747: g++ -E  conftest.cpp
conftest.cpp:23:28: fatal error: ac_nonexistent.h: No such file or directory
compilation terminated.
configure:13747: $? = 1
configure: failed program was:
| /* confdefs.h */
| #define PACKAGE_NAME "PCRE"
| #define PACKAGE_TARNAME "pcre"
| #define PACKAGE_VERSION "8.33"
| #define PACKAGE_STRING "PCRE 8.33"
| #define PACKAGE_BUGREPORT ""
| #define PACKAGE_URL ""
| #define PACKAGE "pcre"
| #define VERSION "8.33"
| #define STDC_HEADERS 1
| #define HAVE_SYS_TYPES_H 1
| #define HAVE_SYS_STAT_H 1
| #define HAVE_STDLIB_H 1
| #define HAVE_STRING_H 1
| #define HAVE_MEMORY_H 1
| #define HAVE_STRINGS_H 1
| #define HAVE_INTTYPES_H 1
| #define HAVE_STDINT_H 1
| #define HAVE_UNISTD_H 1
| #define HAVE_DLFCN_H 1
| #define LT_OBJDIR ".libs/"
| /* end confdefs.h.  */
| #include <ac_nonexistent.h>
configure:13916: checking for ld used by g++
configure:13983: result: /opt/Xilinx/14.6/ISE_DS/EDK/gnu/arm/lin/arm-xilinx-linux-gnueabi/bin/ld
configure:13990: checking if the linker (/opt/Xilinx/14.6/ISE_DS/EDK/gnu/arm/lin/arm-xilinx-linux-gnueabi/bin/ld) is GNU ld
configure:14005: result: yes
configure:14060: checking whether the g++ linker (/opt/Xilinx/14.6/ISE_DS/EDK/gnu/arm/lin/arm-xilinx-linux-gnueabi/bin/ld) supports shared libraries
configure:15065: result: no
configure:15101: g++ -c -O2  conftest.cpp >&5
configure:15104: $? = 0
configure:15624: checking for g++ option to produce PIC
configure:15631: result: -fPIC -DPIC
configure:15639: checking if g++ PIC flag -fPIC -DPIC works
configure:15657: g++ -c -O2  -fPIC -DPIC -DPIC conftest.cpp >&5
configure:15661: $? = 0
configure:15674: result: yes
configure:15697: checking if g++ static flag -static works
configure:15725: result: yes
configure:15737: checking if g++ supports -c -o file.o
configure:15758: g++ -c -O2  -o out/conftest2.o conftest.cpp >&5
configure:15762: $? = 0
configure:15784: result: yes
configure:15789: checking if g++ supports -c -o file.o
configure:15836: result: yes
configure:15866: checking whether the g++ linker (/opt/Xilinx/14.6/ISE_DS/EDK/gnu/arm/lin/arm-xilinx-linux-gnueabi/bin/ld) supports shared libraries
configure:15902: result: no
configure:16043: checking dynamic linker characteristics
configure:16710: result: no
configure:16763: checking how to hardcode library paths into programs
configure:16788: result: immediate
configure:16849: checking whether ln -s works
configure:16853: result: yes
configure:16869: checking whether the -Werror option is usable
configure:16888: arm-xilinx-linux-gnueabi-gcc -c -O2 -fomit-frame-pointer -pipe  -Werror  conftest.c >&5
configure:16888: $? = 0
configure:16897: result: yes
configure:16899: checking for simple visibility declarations
configure:16926: arm-xilinx-linux-gnueabi-gcc -c -O2 -fomit-frame-pointer -pipe  -fvisibility=hidden -Werror  conftest.c >&5
configure:16926: $? = 0
configure:16935: result: yes
configure:17394: checking for ANSI C header files
configure:17498: result: yes
configure:17509: checking limits.h usability
configure:17509: arm-xilinx-linux-gnueabi-gcc -c -O2 -fomit-frame-pointer -pipe   conftest.c >&5
configure:17509: $? = 0
configure:17509: result: yes
configure:17509: checking limits.h presence
configure:17509: arm-xilinx-linux-gnueabi-gcc -E  conftest.c
configure:17509: $? = 0
configure:17509: result: yes
configure:17509: checking for limits.h
configure:17509: result: yes
configure:17509: checking for sys/types.h
configure:17509: result: yes
configure:17509: checking for sys/stat.h
configure:17509: result: yes
configure:17509: checking dirent.h usability
configure:17509: arm-xilinx-linux-gnueabi-gcc -c -O2 -fomit-frame-pointer -pipe   conftest.c >&5
configure:17509: $? = 0
configure:17509: result: yes
configure:17509: checking dirent.h presence
configure:17509: arm-xilinx-linux-gnueabi-gcc -E  conftest.c
configure:17509: $? = 0
configure:17509: result: yes
configure:17509: checking for dirent.h
configure:17509: result: yes
configure:17509: checking windows.h usability
configure:17509: arm-xilinx-linux-gnueabi-gcc -c -O2 -fomit-frame-pointer -pipe   conftest.c >&5
conftest.c:69:21: fatal error: windows.h: No such file or directory
compilation terminated.
configure:17509: $? = 1
configure: failed program was:
| /* confdefs.h */
| #define PACKAGE_NAME "PCRE"
| #define PACKAGE_TARNAME "pcre"
| #define PACKAGE_VERSION "8.33"
| #define PACKAGE_STRING "PCRE 8.33"
| #define PACKAGE_BUGREPORT ""
| #define PACKAGE_URL ""
| #define PACKAGE "pcre"
| #define VERSION "8.33"
| #define STDC_HEADERS 1
| #define HAVE_SYS_TYPES_H 1
| #define HAVE_SYS_STAT_H 1
| #define HAVE_STDLIB_H 1
| #define HAVE_STRING_H 1
| #define HAVE_MEMORY_H 1
| #define HAVE_STRINGS_H 1
| #define HAVE_INTTYPES_H 1
| #define HAVE_STDINT_H 1
| #define HAVE_UNISTD_H 1
| #define HAVE_DLFCN_H 1
| #define LT_OBJDIR ".libs/"
| #define PCRE_EXP_DECL extern __attribute__ ((visibility ("default")))
| #define PCRE_EXP_DEFN __attribute__ ((visibility ("default")))
| #define PCRE_EXP_DATA_DEFN __attribute__ ((visibility ("default")))
| #define PCREPOSIX_EXP_DECL extern __attribute__ ((visibility ("default")))
| #define PCREPOSIX_EXP_DEFN extern __attribute__ ((visibility ("default")))
| #define PCRECPP_EXP_DECL extern __attribute__ ((visibility ("default")))
| #define PCRECPP_EXP_DEFN __attribute__ ((visibility ("default")))
| #define HAVE_VISIBILITY 1
| #define STDC_HEADERS 1
| #define HAVE_LIMITS_H 1
| #define HAVE_SYS_TYPES_H 1
| #define HAVE_SYS_STAT_H 1
| #define HAVE_DIRENT_H 1
| /* end confdefs.h.  */
| #include <stdio.h>
| #ifdef HAVE_SYS_TYPES_H
| # include <sys/types.h>
| #endif
| #ifdef HAVE_SYS_STAT_H
| # include <sys/stat.h>
| #endif
| #ifdef STDC_HEADERS
| # include <stdlib.h>
| # include <stddef.h>
| #else
| # ifdef HAVE_STDLIB_H
| #  include <stdlib.h>
| # endif
| #endif
| #ifdef HAVE_STRING_H
| # if !defined STDC_HEADERS && defined HAVE_MEMORY_H
| #  include <memory.h>
| # endif
| # include <string.h>
| #endif
| #ifdef HAVE_STRINGS_H
| # include <strings.h>
| #endif
| #ifdef HAVE_INTTYPES_H
| # include <inttypes.h>
| #endif
| #ifdef HAVE_STDINT_H
| # include <stdint.h>
| #endif
| #ifdef HAVE_UNISTD_H
| # include <unistd.h>
| #endif
| #include <windows.h>
configure:17509: result: no
configure:17509: checking windows.h presence
configure:17509: arm-xilinx-linux-gnueabi-gcc -E  conftest.c
conftest.c:36:21: fatal error: windows.h: No such file or directory
compilation terminated.
configure:17509: $? = 1
configure: failed program was:
| /* confdefs.h */
| #define PACKAGE_NAME "PCRE"
| #define PACKAGE_TARNAME "pcre"
| #define PACKAGE_VERSION "8.33"
| #define PACKAGE_STRING "PCRE 8.33"
| #define PACKAGE_BUGREPORT ""
| #define PACKAGE_URL ""
| #define PACKAGE "pcre"
| #define VERSION "8.33"
| #define STDC_HEADERS 1
| #define HAVE_SYS_TYPES_H 1
| #define HAVE_SYS_STAT_H 1
| #define HAVE_STDLIB_H 1
| #define HAVE_STRING_H 1
| #define HAVE_MEMORY_H 1
| #define HAVE_STRINGS_H 1
| #define HAVE_INTTYPES_H 1
| #define HAVE_STDINT_H 1
| #define HAVE_UNISTD_H 1
| #define HAVE_DLFCN_H 1
| #define LT_OBJDIR ".libs/"
| #define PCRE_EXP_DECL extern __attribute__ ((visibility ("default")))
| #define PCRE_EXP_DEFN __attribute__ ((visibility ("default")))
| #define PCRE_EXP_DATA_DEFN __attribute__ ((visibility ("default")))
| #define PCREPOSIX_EXP_DECL extern __attribute__ ((visibility ("default")))
| #define PCREPOSIX_EXP_DEFN extern __attribute__ ((visibility ("default")))
| #define PCRECPP_EXP_DECL extern __attribute__ ((visibility ("default")))
| #define PCRECPP_EXP_DEFN __attribute__ ((visibility ("default")))
| #define HAVE_VISIBILITY 1
| #define STDC_HEADERS 1
| #define HAVE_LIMITS_H 1
| #define HAVE_SYS_TYPES_H 1
| #define HAVE_SYS_STAT_H 1
| #define HAVE_DIRENT_H 1
| /* end confdefs.h.  */
| #include <windows.h>
configure:17509: result: no
configure:17509: checking for windows.h
configure:17509: result: no
configure:17545: checking for alias support in the linker
configure:17564: g++ -o conftest -O2   -Wl,-alias,__ZN7pcrecpp2RE6no_argE,__ZN7pcrecpp6no_argE conftest.cpp  >&5
/usr/bin/ld: unrecognized -a option `lias'
collect2: ld returned 1 exit status
configure:17564: $? = 1
configure: failed program was:
| /* confdefs.h */
| #define PACKAGE_NAME "PCRE"
| #define PACKAGE_TARNAME "pcre"
| #define PACKAGE_VERSION "8.33"
| #define PACKAGE_STRING "PCRE 8.33"
| #define PACKAGE_BUGREPORT ""
| #define PACKAGE_URL ""
| #define PACKAGE "pcre"
| #define VERSION "8.33"
| #define STDC_HEADERS 1
| #define HAVE_SYS_TYPES_H 1
| #define HAVE_SYS_STAT_H 1
| #define HAVE_STDLIB_H 1
| #define HAVE_STRING_H 1
| #define HAVE_MEMORY_H 1
| #define HAVE_STRINGS_H 1
| #define HAVE_INTTYPES_H 1
| #define HAVE_STDINT_H 1
| #define HAVE_UNISTD_H 1
| #define HAVE_DLFCN_H 1
| #define LT_OBJDIR ".libs/"
| #define PCRE_EXP_DECL extern __attribute__ ((visibility ("default")))
| #define PCRE_EXP_DEFN __attribute__ ((visibility ("default")))
| #define PCRE_EXP_DATA_DEFN __attribute__ ((visibility ("default")))
| #define PCREPOSIX_EXP_DECL extern __attribute__ ((visibility ("default")))
| #define PCREPOSIX_EXP_DEFN extern __attribute__ ((visibility ("default")))
| #define PCRECPP_EXP_DECL extern __attribute__ ((visibility ("default")))
| #define PCRECPP_EXP_DEFN __attribute__ ((visibility ("default")))
| #define HAVE_VISIBILITY 1
| #define STDC_HEADERS 1
| #define HAVE_LIMITS_H 1
| #define HAVE_SYS_TYPES_H 1
| #define HAVE_SYS_STAT_H 1
| #define HAVE_DIRENT_H 1
| /* end confdefs.h.  */
| namespace pcrecpp {
|                                     class RE { static int no_arg; };
|                                     int RE::no_arg;
|                                   }
| int
| main ()
| {
| 
|   ;
|   return 0;
| }
configure:17570: result: no
configure:17545: checking for alias support in the linker
configure:17564: g++ -o conftest -O2   -Wl,-i__ZN7pcrecpp6no_argE:__ZN7pcrecpp2RE6no_argE conftest.cpp  >&5
/usr/bin/ld: bad -rpath option
collect2: ld returned 1 exit status
configure:17564: $? = 1
configure: failed program was:
| /* confdefs.h */
| #define PACKAGE_NAME "PCRE"
| #define PACKAGE_TARNAME "pcre"
| #define PACKAGE_VERSION "8.33"
| #define PACKAGE_STRING "PCRE 8.33"
| #define PACKAGE_BUGREPORT ""
| #define PACKAGE_URL ""
| #define PACKAGE "pcre"
| #define VERSION "8.33"
| #define STDC_HEADERS 1
| #define HAVE_SYS_TYPES_H 1
| #define HAVE_SYS_STAT_H 1
| #define HAVE_STDLIB_H 1
| #define HAVE_STRING_H 1
| #define HAVE_MEMORY_H 1
| #define HAVE_STRINGS_H 1
| #define HAVE_INTTYPES_H 1
| #define HAVE_STDINT_H 1
| #define HAVE_UNISTD_H 1
| #define HAVE_DLFCN_H 1
| #define LT_OBJDIR ".libs/"
| #define PCRE_EXP_DECL extern __attribute__ ((visibility ("default")))
| #define PCRE_EXP_DEFN __attribute__ ((visibility ("default")))
| #define PCRE_EXP_DATA_DEFN __attribute__ ((visibility ("default")))
| #define PCREPOSIX_EXP_DECL extern __attribute__ ((visibility ("default")))
| #define PCREPOSIX_EXP_DEFN extern __attribute__ ((visibility ("default")))
| #define PCRECPP_EXP_DECL extern __attribute__ ((visibility ("default")))
| #define PCRECPP_EXP_DEFN __attribute__ ((visibility ("default")))
| #define HAVE_VISIBILITY 1
| #define STDC_HEADERS 1
| #define HAVE_LIMITS_H 1
| #define HAVE_SYS_TYPES_H 1
| #define HAVE_SYS_STAT_H 1
| #define HAVE_DIRENT_H 1
| /* end confdefs.h.  */
| namespace pcrecpp {
|                                     class RE { static int no_arg; };
|                                     int RE::no_arg;
|                                   }
| int
| main ()
| {
| 
|   ;
|   return 0;
| }
configure:17570: result: no
configure:17584: checking string usability
configure:17584: g++ -c -O2  conftest.cpp >&5
configure:17584: $? = 0
configure:17584: result: yes
configure:17584: checking string presence
configure:17584: g++ -E  conftest.cpp
configure:17584: $? = 0
configure:17584: result: yes
configure:17584: checking for string
configure:17584: result: yes
configure:17598: checking bits/type_traits.h usability
configure:17598: g++ -c -O2  conftest.cpp >&5
conftest.cpp:70:30: fatal error: bits/type_traits.h: No such file or directory
compilation terminated.
configure:17598: $? = 1
configure: failed program was:
| /* confdefs.h */
| #define PACKAGE_NAME "PCRE"
| #define PACKAGE_TARNAME "pcre"
| #define PACKAGE_VERSION "8.33"
| #define PACKAGE_STRING "PCRE 8.33"
| #define PACKAGE_BUGREPORT ""
| #define PACKAGE_URL ""
| #define PACKAGE "pcre"
| #define VERSION "8.33"
| #define STDC_HEADERS 1
| #define HAVE_SYS_TYPES_H 1
| #define HAVE_SYS_STAT_H 1
| #define HAVE_STDLIB_H 1
| #define HAVE_STRING_H 1
| #define HAVE_MEMORY_H 1
| #define HAVE_STRINGS_H 1
| #define HAVE_INTTYPES_H 1
| #define HAVE_STDINT_H 1
| #define HAVE_UNISTD_H 1
| #define HAVE_DLFCN_H 1
| #define LT_OBJDIR ".libs/"
| #define PCRE_EXP_DECL extern __attribute__ ((visibility ("default")))
| #define PCRE_EXP_DEFN __attribute__ ((visibility ("default")))
| #define PCRE_EXP_DATA_DEFN __attribute__ ((visibility ("default")))
| #define PCREPOSIX_EXP_DECL extern __attribute__ ((visibility ("default")))
| #define PCREPOSIX_EXP_DEFN extern __attribute__ ((visibility ("default")))
| #define PCRECPP_EXP_DECL extern __attribute__ ((visibility ("default")))
| #define PCRECPP_EXP_DEFN __attribute__ ((visibility ("default")))
| #define HAVE_VISIBILITY 1
| #define STDC_HEADERS 1
| #define HAVE_LIMITS_H 1
| #define HAVE_SYS_TYPES_H 1
| #define HAVE_SYS_STAT_H 1
| #define HAVE_DIRENT_H 1
| #define HAVE_STRING 1
| /* end confdefs.h.  */
| #include <stdio.h>
| #ifdef HAVE_SYS_TYPES_H
| # include <sys/types.h>
| #endif
| #ifdef HAVE_SYS_STAT_H
| # include <sys/stat.h>
| #endif
| #ifdef STDC_HEADERS
| # include <stdlib.h>
| # include <stddef.h>
| #else
| # ifdef HAVE_STDLIB_H
| #  include <stdlib.h>
| # endif
| #endif
| #ifdef HAVE_STRING_H
| # if !defined STDC_HEADERS && defined HAVE_MEMORY_H
| #  include <memory.h>
| # endif
| # include <string.h>
| #endif
| #ifdef HAVE_STRINGS_H
| # include <strings.h>
| #endif
| #ifdef HAVE_INTTYPES_H
| # include <inttypes.h>
| #endif
| #ifdef HAVE_STDINT_H
| # include <stdint.h>
| #endif
| #ifdef HAVE_UNISTD_H
| # include <unistd.h>
| #endif
| #include <bits/type_traits.h>
configure:17598: result: no
configure:17598: checking bits/type_traits.h presence
configure:17598: g++ -E  conftest.cpp
conftest.cpp:37:30: fatal error: bits/type_traits.h: No such file or directory
compilation terminated.
configure:17598: $? = 1
configure: failed program was:
| /* confdefs.h */
| #define PACKAGE_NAME "PCRE"
| #define PACKAGE_TARNAME "pcre"
| #define PACKAGE_VERSION "8.33"
| #define PACKAGE_STRING "PCRE 8.33"
| #define PACKAGE_BUGREPORT ""
| #define PACKAGE_URL ""
| #define PACKAGE "pcre"
| #define VERSION "8.33"
| #define STDC_HEADERS 1
| #define HAVE_SYS_TYPES_H 1
| #define HAVE_SYS_STAT_H 1
| #define HAVE_STDLIB_H 1
| #define HAVE_STRING_H 1
| #define HAVE_MEMORY_H 1
| #define HAVE_STRINGS_H 1
| #define HAVE_INTTYPES_H 1
| #define HAVE_STDINT_H 1
| #define HAVE_UNISTD_H 1
| #define HAVE_DLFCN_H 1
| #define LT_OBJDIR ".libs/"
| #define PCRE_EXP_DECL extern __attribute__ ((visibility ("default")))
| #define PCRE_EXP_DEFN __attribute__ ((visibility ("default")))
| #define PCRE_EXP_DATA_DEFN __attribute__ ((visibility ("default")))
| #define PCREPOSIX_EXP_DECL extern __attribute__ ((visibility ("default")))
| #define PCREPOSIX_EXP_DEFN extern __attribute__ ((visibility ("default")))
| #define PCRECPP_EXP_DECL extern __attribute__ ((visibility ("default")))
| #define PCRECPP_EXP_DEFN __attribute__ ((visibility ("default")))
| #define HAVE_VISIBILITY 1
| #define STDC_HEADERS 1
| #define HAVE_LIMITS_H 1
| #define HAVE_SYS_TYPES_H 1
| #define HAVE_SYS_STAT_H 1
| #define HAVE_DIRENT_H 1
| #define HAVE_STRING 1
| /* end confdefs.h.  */
| #include <bits/type_traits.h>
configure:17598: result: no
configure:17598: checking for bits/type_traits.h
configure:17598: result: no
configure:17612: checking type_traits.h usability
configure:17612: g++ -c -O2  conftest.cpp >&5
conftest.cpp:70:25: fatal error: type_traits.h: No such file or directory
compilation terminated.
configure:17612: $? = 1
configure: failed program was:
| /* confdefs.h */
| #define PACKAGE_NAME "PCRE"
| #define PACKAGE_TARNAME "pcre"
| #define PACKAGE_VERSION "8.33"
| #define PACKAGE_STRING "PCRE 8.33"
| #define PACKAGE_BUGREPORT ""
| #define PACKAGE_URL ""
| #define PACKAGE "pcre"
| #define VERSION "8.33"
| #define STDC_HEADERS 1
| #define HAVE_SYS_TYPES_H 1
| #define HAVE_SYS_STAT_H 1
| #define HAVE_STDLIB_H 1
| #define HAVE_STRING_H 1
| #define HAVE_MEMORY_H 1
| #define HAVE_STRINGS_H 1
| #define HAVE_INTTYPES_H 1
| #define HAVE_STDINT_H 1
| #define HAVE_UNISTD_H 1
| #define HAVE_DLFCN_H 1
| #define LT_OBJDIR ".libs/"
| #define PCRE_EXP_DECL extern __attribute__ ((visibility ("default")))
| #define PCRE_EXP_DEFN __attribute__ ((visibility ("default")))
| #define PCRE_EXP_DATA_DEFN __attribute__ ((visibility ("default")))
| #define PCREPOSIX_EXP_DECL extern __attribute__ ((visibility ("default")))
| #define PCREPOSIX_EXP_DEFN extern __attribute__ ((visibility ("default")))
| #define PCRECPP_EXP_DECL extern __attribute__ ((visibility ("default")))
| #define PCRECPP_EXP_DEFN __attribute__ ((visibility ("default")))
| #define HAVE_VISIBILITY 1
| #define STDC_HEADERS 1
| #define HAVE_LIMITS_H 1
| #define HAVE_SYS_TYPES_H 1
| #define HAVE_SYS_STAT_H 1
| #define HAVE_DIRENT_H 1
| #define HAVE_STRING 1
| /* end confdefs.h.  */
| #include <stdio.h>
| #ifdef HAVE_SYS_TYPES_H
| # include <sys/types.h>
| #endif
| #ifdef HAVE_SYS_STAT_H
| # include <sys/stat.h>
| #endif
| #ifdef STDC_HEADERS
| # include <stdlib.h>
| # include <stddef.h>
| #else
| # ifdef HAVE_STDLIB_H
| #  include <stdlib.h>
| # endif
| #endif
| #ifdef HAVE_STRING_H
| # if !defined STDC_HEADERS && defined HAVE_MEMORY_H
| #  include <memory.h>
| # endif
| # include <string.h>
| #endif
| #ifdef HAVE_STRINGS_H
| # include <strings.h>
| #endif
| #ifdef HAVE_INTTYPES_H
| # include <inttypes.h>
| #endif
| #ifdef HAVE_STDINT_H
| # include <stdint.h>
| #endif
| #ifdef HAVE_UNISTD_H
| # include <unistd.h>
| #endif
| #include <type_traits.h>
configure:17612: result: no
configure:17612: checking type_traits.h presence
configure:17612: g++ -E  conftest.cpp
conftest.cpp:37:25: fatal error: type_traits.h: No such file or directory
compilation terminated.
configure:17612: $? = 1
configure: failed program was:
| /* confdefs.h */
| #define PACKAGE_NAME "PCRE"
| #define PACKAGE_TARNAME "pcre"
| #define PACKAGE_VERSION "8.33"
| #define PACKAGE_STRING "PCRE 8.33"
| #define PACKAGE_BUGREPORT ""
| #define PACKAGE_URL ""
| #define PACKAGE "pcre"
| #define VERSION "8.33"
| #define STDC_HEADERS 1
| #define HAVE_SYS_TYPES_H 1
| #define HAVE_SYS_STAT_H 1
| #define HAVE_STDLIB_H 1
| #define HAVE_STRING_H 1
| #define HAVE_MEMORY_H 1
| #define HAVE_STRINGS_H 1
| #define HAVE_INTTYPES_H 1
| #define HAVE_STDINT_H 1
| #define HAVE_UNISTD_H 1
| #define HAVE_DLFCN_H 1
| #define LT_OBJDIR ".libs/"
| #define PCRE_EXP_DECL extern __attribute__ ((visibility ("default")))
| #define PCRE_EXP_DEFN __attribute__ ((visibility ("default")))
| #define PCRE_EXP_DATA_DEFN __attribute__ ((visibility ("default")))
| #define PCREPOSIX_EXP_DECL extern __attribute__ ((visibility ("default")))
| #define PCREPOSIX_EXP_DEFN extern __attribute__ ((visibility ("default")))
| #define PCRECPP_EXP_DECL extern __attribute__ ((visibility ("default")))
| #define PCRECPP_EXP_DEFN __attribute__ ((visibility ("default")))
| #define HAVE_VISIBILITY 1
| #define STDC_HEADERS 1
| #define HAVE_LIMITS_H 1
| #define HAVE_SYS_TYPES_H 1
| #define HAVE_SYS_STAT_H 1
| #define HAVE_DIRENT_H 1
| #define HAVE_STRING 1
| /* end confdefs.h.  */
| #include <type_traits.h>
configure:17612: result: no
configure:17612: checking for type_traits.h
configure:17612: result: no
configure:17638: checking for strtoq
configure:17656: g++ -c -O2  conftest.cpp >&5
configure:17656: $? = 0
configure:17657: result: yes
configure:17674: checking for long long
configure:17674: g++ -c -O2  conftest.cpp >&5
configure:17674: $? = 0
configure:17674: g++ -c -O2  conftest.cpp >&5
conftest.cpp: In function 'int main()':
conftest.cpp:74:14: error: expected primary-expression before 'long'
conftest.cpp:74:14: error: expected ')' before 'long'
conftest.cpp:75:14: error: expected ')' before ';' token
conftest.cpp:75:14: error: expected ')' before ';' token
configure:17674: $? = 1
configure: failed program was:
| /* confdefs.h */
| #define PACKAGE_NAME "PCRE"
| #define PACKAGE_TARNAME "pcre"
| #define PACKAGE_VERSION "8.33"
| #define PACKAGE_STRING "PCRE 8.33"
| #define PACKAGE_BUGREPORT ""
| #define PACKAGE_URL ""
| #define PACKAGE "pcre"
| #define VERSION "8.33"
| #define STDC_HEADERS 1
| #define HAVE_SYS_TYPES_H 1
| #define HAVE_SYS_STAT_H 1
| #define HAVE_STDLIB_H 1
| #define HAVE_STRING_H 1
| #define HAVE_MEMORY_H 1
| #define HAVE_STRINGS_H 1
| #define HAVE_INTTYPES_H 1
| #define HAVE_STDINT_H 1
| #define HAVE_UNISTD_H 1
| #define HAVE_DLFCN_H 1
| #define LT_OBJDIR ".libs/"
| #define PCRE_EXP_DECL extern __attribute__ ((visibility ("default")))
| #define PCRE_EXP_DEFN __attribute__ ((visibility ("default")))
| #define PCRE_EXP_DATA_DEFN __attribute__ ((visibility ("default")))
| #define PCREPOSIX_EXP_DECL extern __attribute__ ((visibility ("default")))
| #define PCREPOSIX_EXP_DEFN extern __attribute__ ((visibility ("default")))
| #define PCRECPP_EXP_DECL extern __attribute__ ((visibility ("default")))
| #define PCRECPP_EXP_DEFN __attribute__ ((visibility ("default")))
| #define HAVE_VISIBILITY 1
| #define STDC_HEADERS 1
| #define HAVE_LIMITS_H 1
| #define HAVE_SYS_TYPES_H 1
| #define HAVE_SYS_STAT_H 1
| #define HAVE_DIRENT_H 1
| #define HAVE_STRING 1
| #define HAVE_STRTOQ 1
| /* end confdefs.h.  */
| #include <stdio.h>
| #ifdef HAVE_SYS_TYPES_H
| # include <sys/types.h>
| #endif
| #ifdef HAVE_SYS_STAT_H
| # include <sys/stat.h>
| #endif
| #ifdef STDC_HEADERS
| # include <stdlib.h>
| # include <stddef.h>
| #else
| # ifdef HAVE_STDLIB_H
| #  include <stdlib.h>
| # endif
| #endif
| #ifdef HAVE_STRING_H
| # if !defined STDC_HEADERS && defined HAVE_MEMORY_H
| #  include <memory.h>
| # endif
| # include <string.h>
| #endif
| #ifdef HAVE_STRINGS_H
| # include <strings.h>
| #endif
| #ifdef HAVE_INTTYPES_H
| # include <inttypes.h>
| #endif
| #ifdef HAVE_STDINT_H
| # include <stdint.h>
| #endif
| #ifdef HAVE_UNISTD_H
| # include <unistd.h>
| #endif
| int
| main ()
| {
| if (sizeof ((long long)))
| 	    return 0;
|   ;
|   return 0;
| }
configure:17674: result: yes
configure:17686: checking for unsigned long long
configure:17686: g++ -c -O2  conftest.cpp >&5
configure:17686: $? = 0
configure:17686: g++ -c -O2  conftest.cpp >&5
conftest.cpp: In function 'int main()':
conftest.cpp:75:14: error: expected primary-expression before 'unsigned'
conftest.cpp:75:14: error: expected ')' before 'unsigned'
conftest.cpp:76:14: error: expected ')' before ';' token
conftest.cpp:76:14: error: expected ')' before ';' token
configure:17686: $? = 1
configure: failed program was:
| /* confdefs.h */
| #define PACKAGE_NAME "PCRE"
| #define PACKAGE_TARNAME "pcre"
| #define PACKAGE_VERSION "8.33"
| #define PACKAGE_STRING "PCRE 8.33"
| #define PACKAGE_BUGREPORT ""
| #define PACKAGE_URL ""
| #define PACKAGE "pcre"
| #define VERSION "8.33"
| #define STDC_HEADERS 1
| #define HAVE_SYS_TYPES_H 1
| #define HAVE_SYS_STAT_H 1
| #define HAVE_STDLIB_H 1
| #define HAVE_STRING_H 1
| #define HAVE_MEMORY_H 1
| #define HAVE_STRINGS_H 1
| #define HAVE_INTTYPES_H 1
| #define HAVE_STDINT_H 1
| #define HAVE_UNISTD_H 1
| #define HAVE_DLFCN_H 1
| #define LT_OBJDIR ".libs/"
| #define PCRE_EXP_DECL extern __attribute__ ((visibility ("default")))
| #define PCRE_EXP_DEFN __attribute__ ((visibility ("default")))
| #define PCRE_EXP_DATA_DEFN __attribute__ ((visibility ("default")))
| #define PCREPOSIX_EXP_DECL extern __attribute__ ((visibility ("default")))
| #define PCREPOSIX_EXP_DEFN extern __attribute__ ((visibility ("default")))
| #define PCRECPP_EXP_DECL extern __attribute__ ((visibility ("default")))
| #define PCRECPP_EXP_DEFN __attribute__ ((visibility ("default")))
| #define HAVE_VISIBILITY 1
| #define STDC_HEADERS 1
| #define HAVE_LIMITS_H 1
| #define HAVE_SYS_TYPES_H 1
| #define HAVE_SYS_STAT_H 1
| #define HAVE_DIRENT_H 1
| #define HAVE_STRING 1
| #define HAVE_STRTOQ 1
| #define HAVE_LONG_LONG 1
| /* end confdefs.h.  */
| #include <stdio.h>
| #ifdef HAVE_SYS_TYPES_H
| # include <sys/types.h>
| #endif
| #ifdef HAVE_SYS_STAT_H
| # include <sys/stat.h>
| #endif
| #ifdef STDC_HEADERS
| # include <stdlib.h>
| # include <stddef.h>
| #else
| # ifdef HAVE_STDLIB_H
| #  include <stdlib.h>
| # endif
| #endif
| #ifdef HAVE_STRING_H
| # if !defined STDC_HEADERS && defined HAVE_MEMORY_H
| #  include <memory.h>
| # endif
| # include <string.h>
| #endif
| #ifdef HAVE_STRINGS_H
| # include <strings.h>
| #endif
| #ifdef HAVE_INTTYPES_H
| # include <inttypes.h>
| #endif
| #ifdef HAVE_STDINT_H
| # include <stdint.h>
| #endif
| #ifdef HAVE_UNISTD_H
| # include <unistd.h>
| #endif
| int
| main ()
| {
| if (sizeof ((unsigned long long)))
| 	    return 0;
|   ;
|   return 0;
| }
configure:17686: result: yes
configure:17784: checking for an ANSI C-conforming const
configure:17850: arm-xilinx-linux-gnueabi-gcc -c -O2 -fomit-frame-pointer -pipe   conftest.c >&5
configure:17850: $? = 0
configure:17857: result: yes
configure:17865: checking for size_t
configure:17865: arm-xilinx-linux-gnueabi-gcc -c -O2 -fomit-frame-pointer -pipe   conftest.c >&5
configure:17865: $? = 0
configure:17865: arm-xilinx-linux-gnueabi-gcc -c -O2 -fomit-frame-pointer -pipe   conftest.c >&5
conftest.c: In function 'main':
conftest.c:76:21: error: expected expression before ')' token
configure:17865: $? = 1
configure: failed program was:
| /* confdefs.h */
| #define PACKAGE_NAME "PCRE"
| #define PACKAGE_TARNAME "pcre"
| #define PACKAGE_VERSION "8.33"
| #define PACKAGE_STRING "PCRE 8.33"
| #define PACKAGE_BUGREPORT ""
| #define PACKAGE_URL ""
| #define PACKAGE "pcre"
| #define VERSION "8.33"
| #define STDC_HEADERS 1
| #define HAVE_SYS_TYPES_H 1
| #define HAVE_SYS_STAT_H 1
| #define HAVE_STDLIB_H 1
| #define HAVE_STRING_H 1
| #define HAVE_MEMORY_H 1
| #define HAVE_STRINGS_H 1
| #define HAVE_INTTYPES_H 1
| #define HAVE_STDINT_H 1
| #define HAVE_UNISTD_H 1
| #define HAVE_DLFCN_H 1
| #define LT_OBJDIR ".libs/"
| #define PCRE_EXP_DECL extern __attribute__ ((visibility ("default")))
| #define PCRE_EXP_DEFN __attribute__ ((visibility ("default")))
| #define PCRE_EXP_DATA_DEFN __attribute__ ((visibility ("default")))
| #define PCREPOSIX_EXP_DECL extern __attribute__ ((visibility ("default")))
| #define PCREPOSIX_EXP_DEFN extern __attribute__ ((visibility ("default")))
| #define PCRECPP_EXP_DECL extern __attribute__ ((visibility ("default")))
| #define PCRECPP_EXP_DEFN __attribute__ ((visibility ("default")))
| #define HAVE_VISIBILITY 1
| #define STDC_HEADERS 1
| #define HAVE_LIMITS_H 1
| #define HAVE_SYS_TYPES_H 1
| #define HAVE_SYS_STAT_H 1
| #define HAVE_DIRENT_H 1
| #define HAVE_STRING 1
| #define HAVE_STRTOQ 1
| #define HAVE_LONG_LONG 1
| #define HAVE_UNSIGNED_LONG_LONG 1
| /* end confdefs.h.  */
| #include <stdio.h>
| #ifdef HAVE_SYS_TYPES_H
| # include <sys/types.h>
| #endif
| #ifdef HAVE_SYS_STAT_H
| # include <sys/stat.h>
| #endif
| #ifdef STDC_HEADERS
| # include <stdlib.h>
| # include <stddef.h>
| #else
| # ifdef HAVE_STDLIB_H
| #  include <stdlib.h>
| # endif
| #endif
| #ifdef HAVE_STRING_H
| # if !defined STDC_HEADERS && defined HAVE_MEMORY_H
| #  include <memory.h>
| # endif
| # include <string.h>
| #endif
| #ifdef HAVE_STRINGS_H
| # include <strings.h>
| #endif
| #ifdef HAVE_INTTYPES_H
| # include <inttypes.h>
| #endif
| #ifdef HAVE_STDINT_H
| # include <stdint.h>
| #endif
| #ifdef HAVE_UNISTD_H
| # include <unistd.h>
| #endif
| int
| main ()
| {
| if (sizeof ((size_t)))
| 	    return 0;
|   ;
|   return 0;
| }
configure:17865: result: yes
configure:17882: checking for bcopy
configure:17882: arm-xilinx-linux-gnueabi-gcc -o conftest -O2 -fomit-frame-pointer -pipe    conftest.c  >&5
conftest.c:63:6: warning: conflicting types for built-in function 'bcopy' [enabled by default]
configure:17882: $? = 0
configure:17882: result: yes
configure:17882: checking for memmove
configure:17882: arm-xilinx-linux-gnueabi-gcc -o conftest -O2 -fomit-frame-pointer -pipe    conftest.c  >&5
conftest.c:64:6: warning: conflicting types for built-in function 'memmove' [enabled by default]
configure:17882: $? = 0
configure:17882: result: yes
configure:17882: checking for strerror
configure:17882: arm-xilinx-linux-gnueabi-gcc -o conftest -O2 -fomit-frame-pointer -pipe    conftest.c  >&5
configure:17882: $? = 0
configure:17882: result: yes
configure:17896: checking zlib.h usability
configure:17896: arm-xilinx-linux-gnueabi-gcc -c -O2 -fomit-frame-pointer -pipe   conftest.c >&5
conftest.c:76:18: fatal error: zlib.h: No such file or directory
compilation terminated.
configure:17896: $? = 1
configure: failed program was:
| /* confdefs.h */
| #define PACKAGE_NAME "PCRE"
| #define PACKAGE_TARNAME "pcre"
| #define PACKAGE_VERSION "8.33"
| #define PACKAGE_STRING "PCRE 8.33"
| #define PACKAGE_BUGREPORT ""
| #define PACKAGE_URL ""
| #define PACKAGE "pcre"
| #define VERSION "8.33"
| #define STDC_HEADERS 1
| #define HAVE_SYS_TYPES_H 1
| #define HAVE_SYS_STAT_H 1
| #define HAVE_STDLIB_H 1
| #define HAVE_STRING_H 1
| #define HAVE_MEMORY_H 1
| #define HAVE_STRINGS_H 1
| #define HAVE_INTTYPES_H 1
| #define HAVE_STDINT_H 1
| #define HAVE_UNISTD_H 1
| #define HAVE_DLFCN_H 1
| #define LT_OBJDIR ".libs/"
| #define PCRE_EXP_DECL extern __attribute__ ((visibility ("default")))
| #define PCRE_EXP_DEFN __attribute__ ((visibility ("default")))
| #define PCRE_EXP_DATA_DEFN __attribute__ ((visibility ("default")))
| #define PCREPOSIX_EXP_DECL extern __attribute__ ((visibility ("default")))
| #define PCREPOSIX_EXP_DEFN extern __attribute__ ((visibility ("default")))
| #define PCRECPP_EXP_DECL extern __attribute__ ((visibility ("default")))
| #define PCRECPP_EXP_DEFN __attribute__ ((visibility ("default")))
| #define HAVE_VISIBILITY 1
| #define STDC_HEADERS 1
| #define HAVE_LIMITS_H 1
| #define HAVE_SYS_TYPES_H 1
| #define HAVE_SYS_STAT_H 1
| #define HAVE_DIRENT_H 1
| #define HAVE_STRING 1
| #define HAVE_STRTOQ 1
| #define HAVE_LONG_LONG 1
| #define HAVE_UNSIGNED_LONG_LONG 1
| #define HAVE_BCOPY 1
| #define HAVE_MEMMOVE 1
| #define HAVE_STRERROR 1
| /* end confdefs.h.  */
| #include <stdio.h>
| #ifdef HAVE_SYS_TYPES_H
| # include <sys/types.h>
| #endif
| #ifdef HAVE_SYS_STAT_H
| # include <sys/stat.h>
| #endif
| #ifdef STDC_HEADERS
| # include <stdlib.h>
| # include <stddef.h>
| #else
| # ifdef HAVE_STDLIB_H
| #  include <stdlib.h>
| # endif
| #endif
| #ifdef HAVE_STRING_H
| # if !defined STDC_HEADERS && defined HAVE_MEMORY_H
| #  include <memory.h>
| # endif
| # include <string.h>
| #endif
| #ifdef HAVE_STRINGS_H
| # include <strings.h>
| #endif
| #ifdef HAVE_INTTYPES_H
| # include <inttypes.h>
| #endif
| #ifdef HAVE_STDINT_H
| # include <stdint.h>
| #endif
| #ifdef HAVE_UNISTD_H
| # include <unistd.h>
| #endif
| #include <zlib.h>
configure:17896: result: no
configure:17896: checking zlib.h presence
configure:17896: arm-xilinx-linux-gnueabi-gcc -E  conftest.c
conftest.c:43:18: fatal error: zlib.h: No such file or directory
compilation terminated.
configure:17896: $? = 1
configure: failed program was:
| /* confdefs.h */
| #define PACKAGE_NAME "PCRE"
| #define PACKAGE_TARNAME "pcre"
| #define PACKAGE_VERSION "8.33"
| #define PACKAGE_STRING "PCRE 8.33"
| #define PACKAGE_BUGREPORT ""
| #define PACKAGE_URL ""
| #define PACKAGE "pcre"
| #define VERSION "8.33"
| #define STDC_HEADERS 1
| #define HAVE_SYS_TYPES_H 1
| #define HAVE_SYS_STAT_H 1
| #define HAVE_STDLIB_H 1
| #define HAVE_STRING_H 1
| #define HAVE_MEMORY_H 1
| #define HAVE_STRINGS_H 1
| #define HAVE_INTTYPES_H 1
| #define HAVE_STDINT_H 1
| #define HAVE_UNISTD_H 1
| #define HAVE_DLFCN_H 1
| #define LT_OBJDIR ".libs/"
| #define PCRE_EXP_DECL extern __attribute__ ((visibility ("default")))
| #define PCRE_EXP_DEFN __attribute__ ((visibility ("default")))
| #define PCRE_EXP_DATA_DEFN __attribute__ ((visibility ("default")))
| #define PCREPOSIX_EXP_DECL extern __attribute__ ((visibility ("default")))
| #define PCREPOSIX_EXP_DEFN extern __attribute__ ((visibility ("default")))
| #define PCRECPP_EXP_DECL extern __attribute__ ((visibility ("default")))
| #define PCRECPP_EXP_DEFN __attribute__ ((visibility ("default")))
| #define HAVE_VISIBILITY 1
| #define STDC_HEADERS 1
| #define HAVE_LIMITS_H 1
| #define HAVE_SYS_TYPES_H 1
| #define HAVE_SYS_STAT_H 1
| #define HAVE_DIRENT_H 1
| #define HAVE_STRING 1
| #define HAVE_STRTOQ 1
| #define HAVE_LONG_LONG 1
| #define HAVE_UNSIGNED_LONG_LONG 1
| #define HAVE_BCOPY 1
| #define HAVE_MEMMOVE 1
| #define HAVE_STRERROR 1
| /* end confdefs.h.  */
| #include <zlib.h>
configure:17896: result: no
configure:17896: checking for zlib.h
configure:17896: result: no
configure:17906: checking for gzopen in -lz
configure:17931: arm-xilinx-linux-gnueabi-gcc -o conftest -O2 -fomit-frame-pointer -pipe    conftest.c -lz   >&5
/opt/Xilinx/14.6/ISE_DS/EDK/gnu/arm/lin/bin/../lib/gcc/arm-xilinx-linux-gnueabi/4.7.2/../../../../arm-xilinx-linux-gnueabi/bin/ld: cannot find -lz
collect2: error: ld returned 1 exit status
configure:17931: $? = 1
configure: failed program was:
| /* confdefs.h */
| #define PACKAGE_NAME "PCRE"
| #define PACKAGE_TARNAME "pcre"
| #define PACKAGE_VERSION "8.33"
| #define PACKAGE_STRING "PCRE 8.33"
| #define PACKAGE_BUGREPORT ""
| #define PACKAGE_URL ""
| #define PACKAGE "pcre"
| #define VERSION "8.33"
| #define STDC_HEADERS 1
| #define HAVE_SYS_TYPES_H 1
| #define HAVE_SYS_STAT_H 1
| #define HAVE_STDLIB_H 1
| #define HAVE_STRING_H 1
| #define HAVE_MEMORY_H 1
| #define HAVE_STRINGS_H 1
| #define HAVE_INTTYPES_H 1
| #define HAVE_STDINT_H 1
| #define HAVE_UNISTD_H 1
| #define HAVE_DLFCN_H 1
| #define LT_OBJDIR ".libs/"
| #define PCRE_EXP_DECL extern __attribute__ ((visibility ("default")))
| #define PCRE_EXP_DEFN __attribute__ ((visibility ("default")))
| #define PCRE_EXP_DATA_DEFN __attribute__ ((visibility ("default")))
| #define PCREPOSIX_EXP_DECL extern __attribute__ ((visibility ("default")))
| #define PCREPOSIX_EXP_DEFN extern __attribute__ ((visibility ("default")))
| #define PCRECPP_EXP_DECL extern __attribute__ ((visibility ("default")))
| #define PCRECPP_EXP_DEFN __attribute__ ((visibility ("default")))
| #define HAVE_VISIBILITY 1
| #define STDC_HEADERS 1
| #define HAVE_LIMITS_H 1
| #define HAVE_SYS_TYPES_H 1
| #define HAVE_SYS_STAT_H 1
| #define HAVE_DIRENT_H 1
| #define HAVE_STRING 1
| #define HAVE_STRTOQ 1
| #define HAVE_LONG_LONG 1
| #define HAVE_UNSIGNED_LONG_LONG 1
| #define HAVE_BCOPY 1
| #define HAVE_MEMMOVE 1
| #define HAVE_STRERROR 1
| /* end confdefs.h.  */
| 
| /* Override any GCC internal prototype to avoid an error.
|    Use char because int might match the return type of a GCC
|    builtin and then its argument prototype would still apply.  */
| #ifdef __cplusplus
| extern "C"
| #endif
| char gzopen ();
| int
| main ()
| {
| return gzopen ();
|   ;
|   return 0;
| }
configure:17940: result: no
configure:17965: checking bzlib.h usability
configure:17965: arm-xilinx-linux-gnueabi-gcc -c -O2 -fomit-frame-pointer -pipe   conftest.c >&5
conftest.c:76:19: fatal error: bzlib.h: No such file or directory
compilation terminated.
configure:17965: $? = 1
configure: failed program was:
| /* confdefs.h */
| #define PACKAGE_NAME "PCRE"
| #define PACKAGE_TARNAME "pcre"
| #define PACKAGE_VERSION "8.33"
| #define PACKAGE_STRING "PCRE 8.33"
| #define PACKAGE_BUGREPORT ""
| #define PACKAGE_URL ""
| #define PACKAGE "pcre"
| #define VERSION "8.33"
| #define STDC_HEADERS 1
| #define HAVE_SYS_TYPES_H 1
| #define HAVE_SYS_STAT_H 1
| #define HAVE_STDLIB_H 1
| #define HAVE_STRING_H 1
| #define HAVE_MEMORY_H 1
| #define HAVE_STRINGS_H 1
| #define HAVE_INTTYPES_H 1
| #define HAVE_STDINT_H 1
| #define HAVE_UNISTD_H 1
| #define HAVE_DLFCN_H 1
| #define LT_OBJDIR ".libs/"
| #define PCRE_EXP_DECL extern __attribute__ ((visibility ("default")))
| #define PCRE_EXP_DEFN __attribute__ ((visibility ("default")))
| #define PCRE_EXP_DATA_DEFN __attribute__ ((visibility ("default")))
| #define PCREPOSIX_EXP_DECL extern __attribute__ ((visibility ("default")))
| #define PCREPOSIX_EXP_DEFN extern __attribute__ ((visibility ("default")))
| #define PCRECPP_EXP_DECL extern __attribute__ ((visibility ("default")))
| #define PCRECPP_EXP_DEFN __attribute__ ((visibility ("default")))
| #define HAVE_VISIBILITY 1
| #define STDC_HEADERS 1
| #define HAVE_LIMITS_H 1
| #define HAVE_SYS_TYPES_H 1
| #define HAVE_SYS_STAT_H 1
| #define HAVE_DIRENT_H 1
| #define HAVE_STRING 1
| #define HAVE_STRTOQ 1
| #define HAVE_LONG_LONG 1
| #define HAVE_UNSIGNED_LONG_LONG 1
| #define HAVE_BCOPY 1
| #define HAVE_MEMMOVE 1
| #define HAVE_STRERROR 1
| /* end confdefs.h.  */
| #include <stdio.h>
| #ifdef HAVE_SYS_TYPES_H
| # include <sys/types.h>
| #endif
| #ifdef HAVE_SYS_STAT_H
| # include <sys/stat.h>
| #endif
| #ifdef STDC_HEADERS
| # include <stdlib.h>
| # include <stddef.h>
| #else
| # ifdef HAVE_STDLIB_H
| #  include <stdlib.h>
| # endif
| #endif
| #ifdef HAVE_STRING_H
| # if !defined STDC_HEADERS && defined HAVE_MEMORY_H
| #  include <memory.h>
| # endif
| # include <string.h>
| #endif
| #ifdef HAVE_STRINGS_H
| # include <strings.h>
| #endif
| #ifdef HAVE_INTTYPES_H
| # include <inttypes.h>
| #endif
| #ifdef HAVE_STDINT_H
| # include <stdint.h>
| #endif
| #ifdef HAVE_UNISTD_H
| # include <unistd.h>
| #endif
| #include <bzlib.h>
configure:17965: result: no
configure:17965: checking bzlib.h presence
configure:17965: arm-xilinx-linux-gnueabi-gcc -E  conftest.c
conftest.c:43:19: fatal error: bzlib.h: No such file or directory
compilation terminated.
configure:17965: $? = 1
configure: failed program was:
| /* confdefs.h */
| #define PACKAGE_NAME "PCRE"
| #define PACKAGE_TARNAME "pcre"
| #define PACKAGE_VERSION "8.33"
| #define PACKAGE_STRING "PCRE 8.33"
| #define PACKAGE_BUGREPORT ""
| #define PACKAGE_URL ""
| #define PACKAGE "pcre"
| #define VERSION "8.33"
| #define STDC_HEADERS 1
| #define HAVE_SYS_TYPES_H 1
| #define HAVE_SYS_STAT_H 1
| #define HAVE_STDLIB_H 1
| #define HAVE_STRING_H 1
| #define HAVE_MEMORY_H 1
| #define HAVE_STRINGS_H 1
| #define HAVE_INTTYPES_H 1
| #define HAVE_STDINT_H 1
| #define HAVE_UNISTD_H 1
| #define HAVE_DLFCN_H 1
| #define LT_OBJDIR ".libs/"
| #define PCRE_EXP_DECL extern __attribute__ ((visibility ("default")))
| #define PCRE_EXP_DEFN __attribute__ ((visibility ("default")))
| #define PCRE_EXP_DATA_DEFN __attribute__ ((visibility ("default")))
| #define PCREPOSIX_EXP_DECL extern __attribute__ ((visibility ("default")))
| #define PCREPOSIX_EXP_DEFN extern __attribute__ ((visibility ("default")))
| #define PCRECPP_EXP_DECL extern __attribute__ ((visibility ("default")))
| #define PCRECPP_EXP_DEFN __attribute__ ((visibility ("default")))
| #define HAVE_VISIBILITY 1
| #define STDC_HEADERS 1
| #define HAVE_LIMITS_H 1
| #define HAVE_SYS_TYPES_H 1
| #define HAVE_SYS_STAT_H 1
| #define HAVE_DIRENT_H 1
| #define HAVE_STRING 1
| #define HAVE_STRTOQ 1
| #define HAVE_LONG_LONG 1
| #define HAVE_UNSIGNED_LONG_LONG 1
| #define HAVE_BCOPY 1
| #define HAVE_MEMMOVE 1
| #define HAVE_STRERROR 1
| /* end confdefs.h.  */
| #include <bzlib.h>
configure:17965: result: no
configure:17965: checking for bzlib.h
configure:17965: result: no
configure:17980: checking for libbz2
configure:17998: arm-xilinx-linux-gnueabi-gcc -o conftest -O2 -fomit-frame-pointer -pipe    conftest.c  -lbz2 >&5
/opt/Xilinx/14.6/ISE_DS/EDK/gnu/arm/lin/bin/../lib/gcc/arm-xilinx-linux-gnueabi/4.7.2/../../../../arm-xilinx-linux-gnueabi/bin/ld: cannot find -lbz2
collect2: error: ld returned 1 exit status
configure:17998: $? = 1
configure: failed program was:
| /* confdefs.h */
| #define PACKAGE_NAME "PCRE"
| #define PACKAGE_TARNAME "pcre"
| #define PACKAGE_VERSION "8.33"
| #define PACKAGE_STRING "PCRE 8.33"
| #define PACKAGE_BUGREPORT ""
| #define PACKAGE_URL ""
| #define PACKAGE "pcre"
| #define VERSION "8.33"
| #define STDC_HEADERS 1
| #define HAVE_SYS_TYPES_H 1
| #define HAVE_SYS_STAT_H 1
| #define HAVE_STDLIB_H 1
| #define HAVE_STRING_H 1
| #define HAVE_MEMORY_H 1
| #define HAVE_STRINGS_H 1
| #define HAVE_INTTYPES_H 1
| #define HAVE_STDINT_H 1
| #define HAVE_UNISTD_H 1
| #define HAVE_DLFCN_H 1
| #define LT_OBJDIR ".libs/"
| #define PCRE_EXP_DECL extern __attribute__ ((visibility ("default")))
| #define PCRE_EXP_DEFN __attribute__ ((visibility ("default")))
| #define PCRE_EXP_DATA_DEFN __attribute__ ((visibility ("default")))
| #define PCREPOSIX_EXP_DECL extern __attribute__ ((visibility ("default")))
| #define PCREPOSIX_EXP_DEFN extern __attribute__ ((visibility ("default")))
| #define PCRECPP_EXP_DECL extern __attribute__ ((visibility ("default")))
| #define PCRECPP_EXP_DEFN __attribute__ ((visibility ("default")))
| #define HAVE_VISIBILITY 1
| #define STDC_HEADERS 1
| #define HAVE_LIMITS_H 1
| #define HAVE_SYS_TYPES_H 1
| #define HAVE_SYS_STAT_H 1
| #define HAVE_DIRENT_H 1
| #define HAVE_STRING 1
| #define HAVE_STRTOQ 1
| #define HAVE_LONG_LONG 1
| #define HAVE_UNSIGNED_LONG_LONG 1
| #define HAVE_BCOPY 1
| #define HAVE_MEMMOVE 1
| #define HAVE_STRERROR 1
| /* end confdefs.h.  */
| 
| #ifdef HAVE_BZLIB_H
| #include <bzlib.h>
| #endif
| int
| main ()
| {
| return (int)BZ2_bzopen("conftest", "rb");
|   ;
|   return 0;
| }
configure:18002: result: no
configure:19563: checking that generated files are newer than configure
configure:19569: result: done
configure:19636: creating ./config.status

## ---------------------- ##
## Running config.status. ##
## ---------------------- ##

This file was extended by PCRE config.status 8.33, which was
generated by GNU Autoconf 2.69.  Invocation command line was

  CONFIG_FILES    = 
  CONFIG_HEADERS  = 
  CONFIG_LINKS    = 
  CONFIG_COMMANDS = 
  $ ./config.status 

on ubuntu

config.status:1241: creating Makefile
config.status:1241: creating libpcre.pc
config.status:1241: creating libpcre16.pc
config.status:1241: creating libpcre32.pc
config.status:1241: creating libpcreposix.pc
config.status:1241: creating libpcrecpp.pc
config.status:1241: creating pcre-config
config.status:1241: creating pcre.h
config.status:1241: creating pcre_stringpiece.h
config.status:1241: creating pcrecpparg.h
config.status:1241: creating config.h
config.status:1470: executing depfiles commands
config.status:1470: executing libtool commands
config.status:1470: executing script-chmod commands
config.status:1470: executing delete-old-chartables commands

## ---------------- ##
## Cache variables. ##
## ---------------- ##

ac_cv_build=i686-pc-linux-gnu
ac_cv_c_compiler_gnu=yes
ac_cv_c_const=yes
ac_cv_c_int64_t=yes
ac_cv_cxx_compiler_gnu=yes
ac_cv_env_CCC_set=
ac_cv_env_CCC_value=
ac_cv_env_CC_set=set
ac_cv_env_CC_value=arm-xilinx-linux-gnueabi-gcc
ac_cv_env_CFLAGS_set=set
ac_cv_env_CFLAGS_value='-O2 -fomit-frame-pointer -pipe '
ac_cv_env_CPPFLAGS_set=
ac_cv_env_CPPFLAGS_value=
ac_cv_env_CPP_set=
ac_cv_env_CPP_value=
ac_cv_env_CXXCPP_set=
ac_cv_env_CXXCPP_value=
ac_cv_env_CXXFLAGS_set=
ac_cv_env_CXXFLAGS_value=
ac_cv_env_CXX_set=
ac_cv_env_CXX_value=
ac_cv_env_GENHTML_set=
ac_cv_env_GENHTML_value=
ac_cv_env_LCOV_set=
ac_cv_env_LCOV_value=
ac_cv_env_LDFLAGS_set=
ac_cv_env_LDFLAGS_value=
ac_cv_env_LIBS_set=
ac_cv_env_LIBS_value=
ac_cv_env_PKG_CONFIG_LIBDIR_set=
ac_cv_env_PKG_CONFIG_LIBDIR_value=
ac_cv_env_PKG_CONFIG_PATH_set=
ac_cv_env_PKG_CONFIG_PATH_value=
ac_cv_env_PKG_CONFIG_set=
ac_cv_env_PKG_CONFIG_value=
ac_cv_env_VALGRIND_CFLAGS_set=
ac_cv_env_VALGRIND_CFLAGS_value=
ac_cv_env_VALGRIND_LIBS_set=
ac_cv_env_VALGRIND_LIBS_value=
ac_cv_env_build_alias_set=
ac_cv_env_build_alias_value=
ac_cv_env_host_alias_set=set
ac_cv_env_host_alias_value=arm
ac_cv_env_target_alias_set=
ac_cv_env_target_alias_value=
ac_cv_func_bcopy=yes
ac_cv_func_memmove=yes
ac_cv_func_strerror=yes
ac_cv_header_bits_type_traits_h=no
ac_cv_header_bzlib_h=no
ac_cv_header_dirent_h=yes
ac_cv_header_dlfcn_h=yes
ac_cv_header_inttypes_h=yes
ac_cv_header_limits_h=yes
ac_cv_header_memory_h=yes
ac_cv_header_stdc=yes
ac_cv_header_stdint_h=yes
ac_cv_header_stdlib_h=yes
ac_cv_header_string=yes
ac_cv_header_string_h=yes
ac_cv_header_strings_h=yes
ac_cv_header_sys_stat_h=yes
ac_cv_header_sys_types_h=yes
ac_cv_header_type_traits_h=no
ac_cv_header_unistd_h=yes
ac_cv_header_windows_h=no
ac_cv_header_zlib_h=no
ac_cv_host=arm-unknown-none
ac_cv_lib_z_gzopen=no
ac_cv_objext=o
ac_cv_path_EGREP='/bin/grep -E'
ac_cv_path_FGREP='/bin/grep -F'
ac_cv_path_GREP=/bin/grep
ac_cv_path_SED=/bin/sed
ac_cv_path_install='/usr/bin/install -c'
ac_cv_path_mkdir=/bin/mkdir
ac_cv_prog_AR=ar
ac_cv_prog_AWK=gawk
ac_cv_prog_CC=arm-xilinx-linux-gnueabi-gcc
ac_cv_prog_CPP='arm-xilinx-linux-gnueabi-gcc -E'
ac_cv_prog_CXXCPP='g++ -E'
ac_cv_prog_DLLTOOL=dlltool
ac_cv_prog_OBJDUMP=objdump
ac_cv_prog_STRIP=strip
ac_cv_prog_ac_ct_AR=ar
ac_cv_prog_ac_ct_CXX=g++
ac_cv_prog_ac_ct_DUMPBIN='link -dump'
ac_cv_prog_ac_ct_MANIFEST_TOOL=mt
ac_cv_prog_ac_ct_RANLIB=ranlib
ac_cv_prog_ac_ct_STRIP=strip
ac_cv_prog_cc_arm_xilinx_linux_gnueabi_gcc_c_o=yes
ac_cv_prog_cc_c89=
ac_cv_prog_cc_g=yes
ac_cv_prog_cxx_g=yes
ac_cv_prog_make_make_set=yes
ac_cv_type_long_long=yes
ac_cv_type_size_t=yes
ac_cv_type_unsigned_long_long=yes
am_cv_CC_dependencies_compiler_type=gcc3
am_cv_CXX_dependencies_compiler_type=gcc3
am_cv_ar_interface=ar
am_cv_make_support_nested_variables=yes
lt_cv_ar_at_file=@
lt_cv_deplibs_check_method=unknown
lt_cv_file_magic_cmd='$MAGIC_CMD'
lt_cv_file_magic_test_file=
lt_cv_ld_reload_flag=-r
lt_cv_nm_interface='BSD nm'
lt_cv_objdir=.libs
lt_cv_path_LD=/opt/Xilinx/14.6/ISE_DS/EDK/gnu/arm/lin/arm-xilinx-linux-gnueabi/bin/ld
lt_cv_path_LDCXX=/opt/Xilinx/14.6/ISE_DS/EDK/gnu/arm/lin/arm-xilinx-linux-gnueabi/bin/ld
lt_cv_path_NM=no
lt_cv_path_mainfest_tool=no
lt_cv_prog_compiler_c_o=yes
lt_cv_prog_compiler_c_o_CXX=yes
lt_cv_prog_compiler_pic='-fPIC -DPIC'
lt_cv_prog_compiler_pic_CXX='-fPIC -DPIC'
lt_cv_prog_compiler_pic_works=yes
lt_cv_prog_compiler_pic_works_CXX=yes
lt_cv_prog_compiler_rtti_exceptions=no
lt_cv_prog_compiler_static_works=yes
lt_cv_prog_compiler_static_works_CXX=yes
lt_cv_prog_gnu_ld=yes
lt_cv_prog_gnu_ldcxx=yes
lt_cv_sharedlib_from_linklib_cmd='printf %s\n'
lt_cv_sys_global_symbol_pipe='sed -n -e '\''s/^.*[	 ]\([ABCDGIRSTW][ABCDGIRSTW]*\)[	 ][	 ]*\([_A-Za-z][_A-Za-z0-9]*\)$/\1 \2 \2/p'\'' | sed '\''/ __gnu_lto/d'\'''
lt_cv_sys_global_symbol_to_c_name_address='sed -n -e '\''s/^: \([^ ]*\)[ ]*$/  {\"\1\", (void *) 0},/p'\'' -e '\''s/^[ABCDGIRSTW]* \([^ ]*\) \([^ ]*\)$/  {"\2", (void *) \&\2},/p'\'''
lt_cv_sys_global_symbol_to_c_name_address_lib_prefix='sed -n -e '\''s/^: \([^ ]*\)[ ]*$/  {\"\1\", (void *) 0},/p'\'' -e '\''s/^[ABCDGIRSTW]* \([^ ]*\) \(lib[^ ]*\)$/  {"\2", (void *) \&\2},/p'\'' -e '\''s/^[ABCDGIRSTW]* \([^ ]*\) \([^ ]*\)$/  {"lib\2", (void *) \&\2},/p'\'''
lt_cv_sys_global_symbol_to_cdecl='sed -n -e '\''s/^T .* \(.*\)$/extern int \1();/p'\'' -e '\''s/^[ABCDGIRSTW]* .* \(.*\)$/extern char \1;/p'\'''
lt_cv_sys_max_cmd_len=805306365
lt_cv_to_host_file_cmd=func_convert_file_noop
lt_cv_to_tool_file_cmd=func_convert_file_noop
pcre_cv_cc_vis_werror=yes
pcre_cv_cc_visibility=yes

## ----------------- ##
## Output variables. ##
## ----------------- ##

ACLOCAL='${SHELL} /home/jme/work/itech/red_pitaya/devel/arm_rp_nginx/pcre-8.33/missing aclocal-1.13'
AMDEPBACKSLASH='\'
AMDEP_FALSE='#'
AMDEP_TRUE=''
AMTAR='$${TAR-tar}'
AM_BACKSLASH='\'
AM_DEFAULT_V='$(AM_DEFAULT_VERBOSITY)'
AM_DEFAULT_VERBOSITY='0'
AM_V='$(V)'
AR='ar'
AS='as'
AUTOCONF='${SHELL} /home/jme/work/itech/red_pitaya/devel/arm_rp_nginx/pcre-8.33/missing autoconf'
AUTOHEADER='${SHELL} /home/jme/work/itech/red_pitaya/devel/arm_rp_nginx/pcre-8.33/missing autoheader'
AUTOMAKE='${SHELL} /home/jme/work/itech/red_pitaya/devel/arm_rp_nginx/pcre-8.33/missing automake-1.13'
AWK='gawk'
CC='arm-xilinx-linux-gnueabi-gcc'
CCDEPMODE='depmode=gcc3'
CFLAGS='-O2 -fomit-frame-pointer -pipe '
CPP='arm-xilinx-linux-gnueabi-gcc -E'
CPPFLAGS=''
CXX='g++'
CXXCPP='g++ -E'
CXXDEPMODE='depmode=gcc3'
CXXFLAGS='-O2'
CYGPATH_W='echo'
DEFS='-DHAVE_CONFIG_H'
DEPDIR='.deps'
DISTCHECK_CONFIGURE_FLAGS='CFLAGS='\'''\'' CXXFLAGS='\'''\'' --enable-pcre16 --enable-pcre32 --enable-jit --enable-cpp --enable-unicode-properties'
DLLTOOL='dlltool'
DSYMUTIL=''
DUMPBIN=':'
ECHO_C=''
ECHO_N='-n'
ECHO_T=''
EGREP='/bin/grep -E'
EXEEXT=''
EXTRA_LIBPCRE16_LDFLAGS='                         -version-info 2:1:2'
EXTRA_LIBPCRE32_LDFLAGS='                         -version-info 0:1:0'
EXTRA_LIBPCRECPP_LDFLAGS='                            -version-info 0:0:0                           '
EXTRA_LIBPCREPOSIX_LDFLAGS='                              -version-info 0:2:0'
EXTRA_LIBPCRE_LDFLAGS='                         -version-info 3:1:2'
FGREP='/bin/grep -F'
GCOV_CFLAGS=''
GCOV_CXXFLAGS=''
GCOV_LIBS=''
GENHTML=''
GREP='/bin/grep'
HAVE_VISIBILITY='1'
INSTALL_DATA='${INSTALL} -m 644'
INSTALL_PROGRAM='${INSTALL}'
INSTALL_SCRIPT='${INSTALL}'
INSTALL_STRIP_PROGRAM='$(install_sh) -c -s'
LCOV=''
LD='/opt/Xilinx/14.6/ISE_DS/EDK/gnu/arm/lin/arm-xilinx-linux-gnueabi/bin/ld'
LDFLAGS=''
LIBBZ2=''
LIBOBJS=''
LIBREADLINE=''
LIBS=''
LIBTOOL='$(SHELL) $(top_builddir)/libtool'
LIBZ=''
LIPO=''
LN_S='ln -s'
LTLIBOBJS=''
MAKEINFO='${SHELL} /home/jme/work/itech/red_pitaya/devel/arm_rp_nginx/pcre-8.33/missing makeinfo'
MANIFEST_TOOL=':'
MKDIR_P='/bin/mkdir -p'
NM='nm'
NMEDIT=''
OBJDUMP='objdump'
OBJEXT='o'
OTOOL64=''
OTOOL=''
PACKAGE='pcre'
PACKAGE_BUGREPORT=''
PACKAGE_NAME='PCRE'
PACKAGE_STRING='PCRE 8.33'
PACKAGE_TARNAME='pcre'
PACKAGE_URL=''
PACKAGE_VERSION='8.33'
PATH_SEPARATOR=':'
PCRE_DATE='2013-05-28'
PCRE_MAJOR='8'
PCRE_MINOR='33'
PCRE_PRERELEASE=''
PCRE_STATIC_CFLAG='-DPCRE_STATIC'
PKG_CONFIG=''
PKG_CONFIG_LIBDIR=''
PKG_CONFIG_PATH=''
PTHREAD_CC=''
PTHREAD_CFLAGS=''
PTHREAD_LIBS=''
RANLIB='ranlib'
SED='/bin/sed'
SET_MAKE=''
SHELL='/bin/sh'
SHTOOL=''
STRIP='strip'
VALGRIND_CFLAGS=''
VALGRIND_LIBS=''
VERSION='8.33'
VISIBILITY_CFLAGS='-fvisibility=hidden'
VISIBILITY_CXXFLAGS='-fvisibility=hidden -fvisibility-inlines-hidden'
WITH_GCOV_FALSE=''
WITH_GCOV_TRUE='#'
WITH_JIT_FALSE=''
WITH_JIT_TRUE='#'
WITH_PCRE16_FALSE=''
WITH_PCRE16_TRUE='#'
WITH_PCRE32_FALSE=''
WITH_PCRE32_TRUE='#'
WITH_PCRE8_FALSE='#'
WITH_PCRE8_TRUE=''
WITH_PCRE_CPP_FALSE='#'
WITH_PCRE_CPP_TRUE=''
WITH_REBUILD_CHARTABLES_FALSE=''
WITH_REBUILD_CHARTABLES_TRUE='#'
WITH_UTF_FALSE=''
WITH_UTF_TRUE='#'
WITH_VALGRIND_FALSE=''
WITH_VALGRIND_TRUE='#'
ac_ct_AR='ar'
ac_ct_CC=''
ac_ct_CXX='g++'
ac_ct_DUMPBIN='link -dump'
am__EXEEXT_FALSE=''
am__EXEEXT_TRUE='#'
am__fastdepCC_FALSE='#'
am__fastdepCC_TRUE=''
am__fastdepCXX_FALSE='#'
am__fastdepCXX_TRUE=''
am__include='include'
am__isrc=''
am__leading_dot='.'
am__nodep='_no'
am__quote=''
am__tar='$${TAR-tar} chof - "$$tardir"'
am__untar='$${TAR-tar} xf -'
ax_pthread_config=''
bindir='${exec_prefix}/bin'
build='i686-pc-linux-gnu'
build_alias=''
build_cpu='i686'
build_os='linux-gnu'
build_vendor='pc'
datadir='${datarootdir}'
datarootdir='${prefix}/share'
docdir='${datarootdir}/doc/${PACKAGE_TARNAME}'
dvidir='${docdir}'
enable_cpp='yes'
enable_pcre16='no'
enable_pcre32='no'
enable_pcre8='yes'
exec_prefix='${prefix}'
host='arm-unknown-none'
host_alias='arm'
host_cpu='arm'
host_os='none'
host_vendor='unknown'
htmldir='${docdir}/html'
includedir='${prefix}/include'
infodir='${datarootdir}/info'
install_sh='${SHELL} /home/jme/work/itech/red_pitaya/devel/arm_rp_nginx/pcre-8.33/install-sh'
libdir='${exec_prefix}/lib'
libexecdir='${exec_prefix}/libexec'
localedir='${datarootdir}/locale'
localstatedir='${prefix}/var'
mandir='${datarootdir}/man'
mkdir_p='$(MKDIR_P)'
oldincludedir='/usr/include'
pcre_have_bits_type_traits='0'
pcre_have_long_long='1'
pcre_have_type_traits='0'
pcre_have_ulong_long='1'
pdfdir='${docdir}'
prefix='/usr/local'
program_transform_name='s,x,x,'
psdir='${docdir}'
sbindir='${exec_prefix}/sbin'
sharedstatedir='${prefix}/com'
sysconfdir='${prefix}/etc'
target_alias=''

## ----------- ##
## confdefs.h. ##
## ----------- ##

/* confdefs.h */
#define PACKAGE_NAME "PCRE"
#define PACKAGE_TARNAME "pcre"
#define PACKAGE_VERSION "8.33"
#define PACKAGE_STRING "PCRE 8.33"
#define PACKAGE_BUGREPORT ""
#define PACKAGE_URL ""
#define PACKAGE "pcre"
#define VERSION "8.33"
#define STDC_HEADERS 1
#define HAVE_SYS_TYPES_H 1
#define HAVE_SYS_STAT_H 1
#define HAVE_STDLIB_H 1
#define HAVE_STRING_H 1
#define HAVE_MEMORY_H 1
#define HAVE_STRINGS_H 1
#define HAVE_INTTYPES_H 1
#define HAVE_STDINT_H 1
#define HAVE_UNISTD_H 1
#define HAVE_DLFCN_H 1
#define LT_OBJDIR ".libs/"
#define PCRE_EXP_DECL extern __attribute__ ((visibility ("default")))
#define PCRE_EXP_DEFN __attribute__ ((visibility ("default")))
#define PCRE_EXP_DATA_DEFN __attribute__ ((visibility ("default")))
#define PCREPOSIX_EXP_DECL extern __attribute__ ((visibility ("default")))
#define PCREPOSIX_EXP_DEFN extern __attribute__ ((visibility ("default")))
#define PCRECPP_EXP_DECL extern __attribute__ ((visibility ("default")))
#define PCRECPP_EXP_DEFN __attribute__ ((visibility ("default")))
#define HAVE_VISIBILITY 1
#define STDC_HEADERS 1
#define HAVE_LIMITS_H 1
#define HAVE_SYS_TYPES_H 1
#define HAVE_SYS_STAT_H 1
#define HAVE_DIRENT_H 1
#define HAVE_STRING 1
#define HAVE_STRTOQ 1
#define HAVE_LONG_LONG 1
#define HAVE_UNSIGNED_LONG_LONG 1
#define HAVE_BCOPY 1
#define HAVE_MEMMOVE 1
#define HAVE_STRERROR 1
#define PCRE_STATIC 1
#define SUPPORT_PCRE8 /**/
#define PCREGREP_BUFSIZE 20480
#define NEWLINE 10
#define LINK_SIZE 2
#define POSIX_MALLOC_THRESHOLD 10
#define MATCH_LIMIT 10000000
#define MATCH_LIMIT_RECURSION MATCH_LIMIT
#define MAX_NAME_SIZE 32
#define MAX_NAME_COUNT 10000

configure: exit 0
