Release 14.6 - platgen Xilinx EDK 14.6 Build EDK_P.68d
 (lin64)
Copyright (c) 1995-2013 Xilinx, Inc.  All rights reserved.

Command Line: platgen -p xc7z010clg400-1 -lang verilog -intstyle pa -stubgen
/home/matej/WORK/red_pitaya/project/ahead/red_pitaya.srcs/sources_1/edk/system/s
ystem.mhs 

Parse
/home/matej/WORK/red_pitaya/project/ahead/red_pitaya.srcs/sources_1/edk/system/s
ystem.mhs ...

Create merged mhs ...
WARNING:EDK:4092 - IPNAME: processing_system7, INSTANCE: processing_system7_0 -
   Pre-Production version not verified on hardware for architecture 'zynq' -
   /home/matej/WORK/red_pitaya/project/ahead/red_pitaya.srcs/sources_1/edk/syste
   m/system.mhs line 90 

Overriding IP level properties ...
INFO:EDK:4130 - IPNAME: processing_system7, INSTANCE:processing_system7_0 - tcl
   is overriding PARAMETER C_PACKAGE_NAME value to clg400 -
   /opt/xilinx146/14.6/ISE_DS/EDK/hw/XilinxProcessorIPLib/pcores/processing_syst
   em7_v4_03_a/data/processing_system7_v2_1_0.mpd line 185 
INFO:EDK:4130 - IPNAME: processing_system7, INSTANCE:processing_system7_0 - tcl
   is overriding PARAMETER C_S_AXI_HP0_HIGHADDR value to 0x0FFFFFFF -
   /opt/xilinx146/14.6/ISE_DS/EDK/hw/XilinxProcessorIPLib/pcores/processing_syst
   em7_v4_03_a/data/processing_system7_v2_1_0.mpd line 300 
INFO:EDK:4130 - IPNAME: processing_system7, INSTANCE:processing_system7_0 - tcl
   is overriding PARAMETER C_S_AXI_HP1_HIGHADDR value to 0x0FFFFFFF -
   /opt/xilinx146/14.6/ISE_DS/EDK/hw/XilinxProcessorIPLib/pcores/processing_syst
   em7_v4_03_a/data/processing_system7_v2_1_0.mpd line 304 
INFO:EDK:4130 - IPNAME: processing_system7, INSTANCE:processing_system7_0 - tcl
   is overriding PARAMETER C_S_AXI_HP2_HIGHADDR value to 0x0FFFFFFF -
   /opt/xilinx146/14.6/ISE_DS/EDK/hw/XilinxProcessorIPLib/pcores/processing_syst
   em7_v4_03_a/data/processing_system7_v2_1_0.mpd line 308 
INFO:EDK:4130 - IPNAME: processing_system7, INSTANCE:processing_system7_0 - tcl
   is overriding PARAMETER C_S_AXI_HP3_HIGHADDR value to 0x0FFFFFFF -
   /opt/xilinx146/14.6/ISE_DS/EDK/hw/XilinxProcessorIPLib/pcores/processing_syst
   em7_v4_03_a/data/processing_system7_v2_1_0.mpd line 312 
INFO:EDK:4130 - IPNAME: processing_system7, INSTANCE:processing_system7_0 - tcl
   is overriding PARAMETER C_NUM_F2P_INTR_INPUTS value to 1 -
   /opt/xilinx146/14.6/ISE_DS/EDK/hw/XilinxProcessorIPLib/pcores/processing_syst
   em7_v4_03_a/data/processing_system7_v2_1_0.mpd line 319 

Computing clock values...
INFO:EDK:1432 - Frequency for Top-Level Input Clock
   'processing_system7_0_PS_CLK_pin' is not specified. Clock DRCs will not be
   performed for IPs connected to that clock port, unless they are connected
   through the clock generator IP. 

INFO:EDK:1432 - Frequency for Top-Level Input Clock
   'processing_system7_0_M_AXI_GP0_ACLK_pin' is not specified. Clock DRCs will
   not be performed for IPs connected to that clock port, unless they are
   connected through the clock generator IP. 

INFO:EDK:1432 - Frequency for Top-Level Input Clock
   'processing_system7_0_SPI0_SCLK_I_pin' is not specified. Clock DRCs will not
   be performed for IPs connected to that clock port, unless they are connected
   through the clock generator IP. 


Performing IP level DRCs on properties...

Running DRC Tcl procedures for OPTION IPLEVEL_DRC_PROC...
INFO:EDK - INFO: DDR Base and High address in current configuration is
   0x00000000 and 0x0FFFFFFF respectively. 
INFO:EDK - INFO: You can modify the DDR address range accessed by Programmable
   Logic through the processing_system7 AXI slave interfaces. If MicroBlaze is a
   master on processing_system7 AXI slave interfaces, please use the top half of
   the address range (Base Address = 0x8000000; High Address = 0x0FFFFFFF). For
   all other master, any subset of the DDR address can be used. See Xilinx
   Answer 47167 for more information. 
Address Map for Processor processing_system7_0
WARNING:EDK:4123 - IPNAME: processing_system7, INSTANCE: processing_system7_0,
   PARAMETER: C_DDR_RAM_BASEADDR - ASSIGNMENT=CONSTANT is defined in the MPD.
   Its value should not be overwritten in the MHS. 

Checking platform address map ...

Modify defaults ...

Creating stub ...

Elaborating instances ...

Inserting wrapper level ...

Writing (stub) BMM ...

Writing top-level HDL ...

Total run time: 3.00 seconds
